{"/Users/neilmosser/Desktop/FEC/project-catwalk/frontend/src/Contexts/OverviewContext.jsx": {"path":"/Users/neilmosser/Desktop/FEC/project-catwalk/frontend/src/Contexts/OverviewContext.jsx","statementMap":{"0":{"start":{"line":3,"column":24},"end":{"line":3,"column":45}}},"fnMap":{},"branchMap":{},"s":{"0":1},"f":{},"b":{},"_coverageSchema":"1a1c01bbd47fc00a2c39e90264f33305004495a9","hash":"868471ee3899febaf14782087fcdc34cc863bb74"}
,"/Users/neilmosser/Desktop/FEC/project-catwalk/frontend/src/Contexts/index.jsx": {"path":"/Users/neilmosser/Desktop/FEC/project-catwalk/frontend/src/Contexts/index.jsx","statementMap":{"0":{"start":{"line":3,"column":22},"end":{"line":3,"column":43}}},"fnMap":{},"branchMap":{},"s":{"0":1},"f":{},"b":{},"_coverageSchema":"1a1c01bbd47fc00a2c39e90264f33305004495a9","hash":"d963470c1b31e5a2d6e0701c44be75b69e52c169"}
,"/Users/neilmosser/Desktop/FEC/project-catwalk/frontend/src/Contexts/reviewContext.jsx": {"path":"/Users/neilmosser/Desktop/FEC/project-catwalk/frontend/src/Contexts/reviewContext.jsx","statementMap":{"0":{"start":{"line":3,"column":22},"end":{"line":3,"column":43}}},"fnMap":{},"branchMap":{},"s":{"0":1},"f":{},"b":{},"_coverageSchema":"1a1c01bbd47fc00a2c39e90264f33305004495a9","hash":"eec8dacc784bd98f8906abd6c2d5844f37a718cf"}
,"/Users/neilmosser/Desktop/FEC/project-catwalk/frontend/src/components/App.jsx": {"path":"/Users/neilmosser/Desktop/FEC/project-catwalk/frontend/src/components/App.jsx","statementMap":{"0":{"start":{"line":10,"column":12},"end":{"line":62,"column":1}},"1":{"start":{"line":12,"column":40},"end":{"line":12,"column":52}},"2":{"start":{"line":13,"column":40},"end":{"line":13,"column":52}},"3":{"start":{"line":15,"column":24},"end":{"line":21,"column":3}},"4":{"start":{"line":16,"column":4},"end":{"line":20,"column":6}},"5":{"start":{"line":17,"column":6},"end":{"line":17,"column":31}},"6":{"start":{"line":19,"column":6},"end":{"line":19,"column":52}},"7":{"start":{"line":23,"column":27},"end":{"line":29,"column":3}},"8":{"start":{"line":24,"column":4},"end":{"line":28,"column":6}},"9":{"start":{"line":25,"column":6},"end":{"line":25,"column":31}},"10":{"start":{"line":27,"column":6},"end":{"line":27,"column":55}},"11":{"start":{"line":32,"column":4},"end":{"line":32,"column":25}},"12":{"start":{"line":33,"column":4},"end":{"line":33,"column":26}},"13":{"start":{"line":34,"column":4},"end":{"line":34,"column":57}},"14":{"start":{"line":39,"column":2},"end":{"line":43,"column":9}},"15":{"start":{"line":41,"column":5},"end":{"line":41,"column":25}},"16":{"start":{"line":47,"column":2},"end":{"line":49,"column":3}},"17":{"start":{"line":48,"column":4},"end":{"line":48,"column":29}},"18":{"start":{"line":51,"column":2},"end":{"line":61,"column":2}}},"fnMap":{"0":{"name":"(anonymous_0)","decl":{"start":{"line":10,"column":12},"end":{"line":10,"column":13}},"loc":{"start":{"line":10,"column":18},"end":{"line":62,"column":1}},"line":10},"1":{"name":"(anonymous_1)","decl":{"start":{"line":15,"column":24},"end":{"line":15,"column":25}},"loc":{"start":{"line":15,"column":39},"end":{"line":21,"column":3}},"line":15},"2":{"name":"(anonymous_2)","decl":{"start":{"line":16,"column":49},"end":{"line":16,"column":50}},"loc":{"start":{"line":16,"column":58},"end":{"line":18,"column":5}},"line":16},"3":{"name":"(anonymous_3)","decl":{"start":{"line":18,"column":13},"end":{"line":18,"column":14}},"loc":{"start":{"line":18,"column":22},"end":{"line":20,"column":5}},"line":18},"4":{"name":"(anonymous_4)","decl":{"start":{"line":23,"column":27},"end":{"line":23,"column":28}},"loc":{"start":{"line":23,"column":33},"end":{"line":29,"column":3}},"line":23},"5":{"name":"(anonymous_5)","decl":{"start":{"line":24,"column":47},"end":{"line":24,"column":48}},"loc":{"start":{"line":24,"column":56},"end":{"line":26,"column":5}},"line":24},"6":{"name":"(anonymous_6)","decl":{"start":{"line":26,"column":13},"end":{"line":26,"column":14}},"loc":{"start":{"line":26,"column":22},"end":{"line":28,"column":5}},"line":26},"7":{"name":"getRandomStart","decl":{"start":{"line":31,"column":11},"end":{"line":31,"column":25}},"loc":{"start":{"line":31,"column":36},"end":{"line":35,"column":3}},"line":31},"8":{"name":"(anonymous_8)","decl":{"start":{"line":39,"column":12},"end":{"line":39,"column":13}},"loc":{"start":{"line":39,"column":18},"end":{"line":43,"column":3}},"line":39}},"branchMap":{"0":{"loc":{"start":{"line":47,"column":2},"end":{"line":49,"column":3}},"type":"if","locations":[{"start":{"line":47,"column":2},"end":{"line":49,"column":3}},{"start":{},"end":{}}],"line":47}},"s":{"0":1,"1":0,"2":0,"3":0,"4":0,"5":0,"6":0,"7":0,"8":0,"9":0,"10":0,"11":0,"12":0,"13":0,"14":0,"15":0,"16":0,"17":0,"18":0},"f":{"0":0,"1":0,"2":0,"3":0,"4":0,"5":0,"6":0,"7":0,"8":0},"b":{"0":[0,0]},"_coverageSchema":"1a1c01bbd47fc00a2c39e90264f33305004495a9","hash":"d78185e40a192cccac22c6b952bc13a06bbaa38e"}
,"/Users/neilmosser/Desktop/FEC/project-catwalk/frontend/src/components/Header/Header.jsx": {"path":"/Users/neilmosser/Desktop/FEC/project-catwalk/frontend/src/components/Header/Header.jsx","statementMap":{"0":{"start":{"line":7,"column":15},"end":{"line":19,"column":1}},"1":{"start":{"line":8,"column":2},"end":{"line":18,"column":4}}},"fnMap":{"0":{"name":"(anonymous_0)","decl":{"start":{"line":7,"column":15},"end":{"line":7,"column":16}},"loc":{"start":{"line":7,"column":21},"end":{"line":19,"column":1}},"line":7}},"branchMap":{},"s":{"0":1,"1":0},"f":{"0":0},"b":{},"_coverageSchema":"1a1c01bbd47fc00a2c39e90264f33305004495a9","hash":"8c880790e46abff41ee5fd02f4e55937f9f7be47"}
,"/Users/neilmosser/Desktop/FEC/project-catwalk/frontend/src/components/Header/SitewideAnnouncement.jsx": {"path":"/Users/neilmosser/Desktop/FEC/project-catwalk/frontend/src/components/Header/SitewideAnnouncement.jsx","statementMap":{"0":{"start":{"line":3,"column":29},"end":{"line":7,"column":1}},"1":{"start":{"line":4,"column":2},"end":{"line":6,"column":3}}},"fnMap":{"0":{"name":"(anonymous_0)","decl":{"start":{"line":3,"column":29},"end":{"line":3,"column":30}},"loc":{"start":{"line":3,"column":35},"end":{"line":7,"column":1}},"line":3}},"branchMap":{},"s":{"0":1,"1":0},"f":{"0":0},"b":{},"_coverageSchema":"1a1c01bbd47fc00a2c39e90264f33305004495a9","hash":"c13ac7a9c6050ad43356f16be400b548278dc145"}
,"/Users/neilmosser/Desktop/FEC/project-catwalk/frontend/src/components/Overview/OverviewParent.jsx": {"path":"/Users/neilmosser/Desktop/FEC/project-catwalk/frontend/src/components/Overview/OverviewParent.jsx","statementMap":{"0":{"start":{"line":13,"column":23},"end":{"line":95,"column":1}},"1":{"start":{"line":15,"column":30},"end":{"line":15,"column":42}},"2":{"start":{"line":16,"column":36},"end":{"line":16,"column":48}},"3":{"start":{"line":17,"column":42},"end":{"line":17,"column":67}},"4":{"start":{"line":18,"column":42},"end":{"line":18,"column":53}},"5":{"start":{"line":19,"column":36},"end":{"line":19,"column":47}},"6":{"start":{"line":20,"column":38},"end":{"line":20,"column":52}},"7":{"start":{"line":21,"column":32},"end":{"line":21,"column":43}},"8":{"start":{"line":22,"column":36},"end":{"line":22,"column":50}},"9":{"start":{"line":24,"column":19},"end":{"line":37,"column":3}},"10":{"start":{"line":25,"column":4},"end":{"line":36,"column":7}},"11":{"start":{"line":26,"column":4},"end":{"line":36,"column":6}},"12":{"start":{"line":27,"column":17},"end":{"line":27,"column":43}},"13":{"start":{"line":28,"column":16},"end":{"line":28,"column":18}},"14":{"start":{"line":29,"column":6},"end":{"line":31,"column":8}},"15":{"start":{"line":30,"column":8},"end":{"line":30,"column":30}},"16":{"start":{"line":32,"column":6},"end":{"line":32,"column":21}},"17":{"start":{"line":35,"column":6},"end":{"line":35,"column":43}},"18":{"start":{"line":39,"column":23},"end":{"line":47,"column":3}},"19":{"start":{"line":40,"column":4},"end":{"line":46,"column":7}},"20":{"start":{"line":41,"column":4},"end":{"line":46,"column":6}},"21":{"start":{"line":43,"column":6},"end":{"line":43,"column":29}},"22":{"start":{"line":45,"column":6},"end":{"line":45,"column":43}},"23":{"start":{"line":49,"column":40},"end":{"line":73,"column":3}},"24":{"start":{"line":50,"column":4},"end":{"line":72,"column":10}},"25":{"start":{"line":51,"column":4},"end":{"line":72,"column":9}},"26":{"start":{"line":55,"column":22},"end":{"line":55,"column":50}},"27":{"start":{"line":56,"column":22},"end":{"line":56,"column":50}},"28":{"start":{"line":57,"column":24},"end":{"line":57,"column":52}},"29":{"start":{"line":58,"column":23},"end":{"line":58,"column":51}},"30":{"start":{"line":59,"column":23},"end":{"line":59,"column":51}},"31":{"start":{"line":60,"column":25},"end":{"line":60,"column":84}},"32":{"start":{"line":61,"column":23},"end":{"line":61,"column":74}},"33":{"start":{"line":62,"column":8},"end":{"line":62,"column":34}},"34":{"start":{"line":64,"column":8},"end":{"line":68,"column":9}},"35":{"start":{"line":65,"column":10},"end":{"line":65,"column":26}},"36":{"start":{"line":67,"column":10},"end":{"line":67,"column":69}},"37":{"start":{"line":71,"column":8},"end":{"line":71,"column":71}},"38":{"start":{"line":75,"column":2},"end":{"line":78,"column":20}},"39":{"start":{"line":76,"column":4},"end":{"line":76,"column":36}},"40":{"start":{"line":77,"column":4},"end":{"line":77,"column":19}},"41":{"start":{"line":81,"column":2},"end":{"line":93,"column":4}}},"fnMap":{"0":{"name":"(anonymous_0)","decl":{"start":{"line":13,"column":23},"end":{"line":13,"column":24}},"loc":{"start":{"line":13,"column":29},"end":{"line":95,"column":1}},"line":13},"1":{"name":"(anonymous_1)","decl":{"start":{"line":24,"column":19},"end":{"line":24,"column":20}},"loc":{"start":{"line":24,"column":25},"end":{"line":37,"column":3}},"line":24},"2":{"name":"(anonymous_2)","decl":{"start":{"line":26,"column":61},"end":{"line":26,"column":62}},"loc":{"start":{"line":26,"column":70},"end":{"line":34,"column":5}},"line":26},"3":{"name":"(anonymous_3)","decl":{"start":{"line":29,"column":19},"end":{"line":29,"column":20}},"loc":{"start":{"line":29,"column":32},"end":{"line":31,"column":7}},"line":29},"4":{"name":"(anonymous_4)","decl":{"start":{"line":34,"column":13},"end":{"line":34,"column":14}},"loc":{"start":{"line":34,"column":22},"end":{"line":36,"column":5}},"line":34},"5":{"name":"(anonymous_5)","decl":{"start":{"line":39,"column":23},"end":{"line":39,"column":24}},"loc":{"start":{"line":39,"column":29},"end":{"line":47,"column":3}},"line":39},"6":{"name":"(anonymous_6)","decl":{"start":{"line":41,"column":61},"end":{"line":41,"column":62}},"loc":{"start":{"line":41,"column":70},"end":{"line":44,"column":5}},"line":41},"7":{"name":"(anonymous_7)","decl":{"start":{"line":44,"column":13},"end":{"line":44,"column":14}},"loc":{"start":{"line":44,"column":22},"end":{"line":46,"column":5}},"line":44},"8":{"name":"(anonymous_8)","decl":{"start":{"line":49,"column":40},"end":{"line":49,"column":41}},"loc":{"start":{"line":49,"column":46},"end":{"line":73,"column":3}},"line":49},"9":{"name":"(anonymous_9)","decl":{"start":{"line":53,"column":13},"end":{"line":53,"column":14}},"loc":{"start":{"line":53,"column":25},"end":{"line":70,"column":7}},"line":53},"10":{"name":"(anonymous_10)","decl":{"start":{"line":70,"column":16},"end":{"line":70,"column":17}},"loc":{"start":{"line":70,"column":25},"end":{"line":72,"column":7}},"line":70},"11":{"name":"(anonymous_11)","decl":{"start":{"line":75,"column":13},"end":{"line":75,"column":14}},"loc":{"start":{"line":75,"column":19},"end":{"line":78,"column":3}},"line":75}},"branchMap":{"0":{"loc":{"start":{"line":25,"column":4},"end":{"line":36,"column":7}},"type":"if","locations":[{"start":{"line":25,"column":4},"end":{"line":36,"column":7}},{"start":{},"end":{}}],"line":25},"1":{"loc":{"start":{"line":40,"column":4},"end":{"line":46,"column":7}},"type":"if","locations":[{"start":{"line":40,"column":4},"end":{"line":46,"column":7}},{"start":{},"end":{}}],"line":40},"2":{"loc":{"start":{"line":50,"column":4},"end":{"line":72,"column":10}},"type":"if","locations":[{"start":{"line":50,"column":4},"end":{"line":72,"column":10}},{"start":{},"end":{}}],"line":50},"3":{"loc":{"start":{"line":55,"column":22},"end":{"line":55,"column":50}},"type":"binary-expr","locations":[{"start":{"line":55,"column":22},"end":{"line":55,"column":45}},{"start":{"line":55,"column":49},"end":{"line":55,"column":50}}],"line":55},"4":{"loc":{"start":{"line":56,"column":22},"end":{"line":56,"column":50}},"type":"binary-expr","locations":[{"start":{"line":56,"column":22},"end":{"line":56,"column":45}},{"start":{"line":56,"column":49},"end":{"line":56,"column":50}}],"line":56},"5":{"loc":{"start":{"line":57,"column":24},"end":{"line":57,"column":52}},"type":"binary-expr","locations":[{"start":{"line":57,"column":24},"end":{"line":57,"column":47}},{"start":{"line":57,"column":51},"end":{"line":57,"column":52}}],"line":57},"6":{"loc":{"start":{"line":58,"column":23},"end":{"line":58,"column":51}},"type":"binary-expr","locations":[{"start":{"line":58,"column":23},"end":{"line":58,"column":46}},{"start":{"line":58,"column":50},"end":{"line":58,"column":51}}],"line":58},"7":{"loc":{"start":{"line":59,"column":23},"end":{"line":59,"column":51}},"type":"binary-expr","locations":[{"start":{"line":59,"column":23},"end":{"line":59,"column":46}},{"start":{"line":59,"column":50},"end":{"line":59,"column":51}}],"line":59},"8":{"loc":{"start":{"line":64,"column":8},"end":{"line":68,"column":9}},"type":"if","locations":[{"start":{"line":64,"column":8},"end":{"line":68,"column":9}},{"start":{"line":66,"column":15},"end":{"line":68,"column":9}}],"line":64}},"s":{"0":1,"1":0,"2":0,"3":0,"4":0,"5":0,"6":0,"7":0,"8":0,"9":0,"10":0,"11":0,"12":0,"13":0,"14":0,"15":0,"16":0,"17":0,"18":0,"19":0,"20":0,"21":0,"22":0,"23":0,"24":0,"25":0,"26":0,"27":0,"28":0,"29":0,"30":0,"31":0,"32":0,"33":0,"34":0,"35":0,"36":0,"37":0,"38":0,"39":0,"40":0,"41":0},"f":{"0":0,"1":0,"2":0,"3":0,"4":0,"5":0,"6":0,"7":0,"8":0,"9":0,"10":0,"11":0},"b":{"0":[0,0],"1":[0,0],"2":[0,0],"3":[0,0],"4":[0,0],"5":[0,0],"6":[0,0],"7":[0,0],"8":[0,0]},"_coverageSchema":"1a1c01bbd47fc00a2c39e90264f33305004495a9","hash":"e57acbaa037ffbe9ac4b8cab092e965a6e492bde"}
,"/Users/neilmosser/Desktop/FEC/project-catwalk/frontend/src/components/Overview/ImageGallery/ImageCarousel.jsx": {"path":"/Users/neilmosser/Desktop/FEC/project-catwalk/frontend/src/components/Overview/ImageGallery/ImageCarousel.jsx","statementMap":{"0":{"start":{"line":7,"column":22},"end":{"line":32,"column":1}},"1":{"start":{"line":8,"column":26},"end":{"line":8,"column":51}},"2":{"start":{"line":9,"column":30},"end":{"line":9,"column":44}},"3":{"start":{"line":12,"column":2},"end":{"line":20,"column":20}},"4":{"start":{"line":13,"column":4},"end":{"line":19,"column":3}},"5":{"start":{"line":14,"column":4},"end":{"line":18,"column":6}},"6":{"start":{"line":15,"column":6},"end":{"line":15,"column":34}},"7":{"start":{"line":17,"column":6},"end":{"line":17,"column":44}},"8":{"start":{"line":23,"column":2},"end":{"line":25,"column":3}},"9":{"start":{"line":24,"column":4},"end":{"line":24,"column":45}},"10":{"start":{"line":27,"column":2},"end":{"line":31,"column":4}}},"fnMap":{"0":{"name":"(anonymous_0)","decl":{"start":{"line":7,"column":22},"end":{"line":7,"column":23}},"loc":{"start":{"line":7,"column":28},"end":{"line":32,"column":1}},"line":7},"1":{"name":"(anonymous_1)","decl":{"start":{"line":12,"column":12},"end":{"line":12,"column":13}},"loc":{"start":{"line":12,"column":18},"end":{"line":20,"column":3}},"line":12},"2":{"name":"(anonymous_2)","decl":{"start":{"line":14,"column":61},"end":{"line":14,"column":62}},"loc":{"start":{"line":14,"column":70},"end":{"line":16,"column":5}},"line":14},"3":{"name":"(anonymous_3)","decl":{"start":{"line":16,"column":13},"end":{"line":16,"column":14}},"loc":{"start":{"line":16,"column":22},"end":{"line":18,"column":5}},"line":16}},"branchMap":{"0":{"loc":{"start":{"line":13,"column":4},"end":{"line":19,"column":3}},"type":"if","locations":[{"start":{"line":13,"column":4},"end":{"line":19,"column":3}},{"start":{},"end":{}}],"line":13},"1":{"loc":{"start":{"line":23,"column":2},"end":{"line":25,"column":3}},"type":"if","locations":[{"start":{"line":23,"column":2},"end":{"line":25,"column":3}},{"start":{},"end":{}}],"line":23}},"s":{"0":1,"1":0,"2":0,"3":0,"4":0,"5":0,"6":0,"7":0,"8":0,"9":0,"10":0},"f":{"0":0,"1":0,"2":0,"3":0},"b":{"0":[0,0],"1":[0,0]},"_coverageSchema":"1a1c01bbd47fc00a2c39e90264f33305004495a9","hash":"c014fbebb7423d2fe29d1ab6a74d225785cf6d9a"}
,"/Users/neilmosser/Desktop/FEC/project-catwalk/frontend/src/components/Overview/ImageGallery/ImageGallery.jsx": {"path":"/Users/neilmosser/Desktop/FEC/project-catwalk/frontend/src/components/Overview/ImageGallery/ImageGallery.jsx","statementMap":{"0":{"start":{"line":13,"column":20},"end":{"line":21,"column":3}},"1":{"start":{"line":26,"column":21},"end":{"line":47,"column":1}},"2":{"start":{"line":28,"column":42},"end":{"line":28,"column":67}},"3":{"start":{"line":29,"column":40},"end":{"line":29,"column":67}},"4":{"start":{"line":30,"column":69},"end":{"line":30,"column":96}},"5":{"start":{"line":34,"column":2},"end":{"line":38,"column":20}},"6":{"start":{"line":36,"column":4},"end":{"line":36,"column":15}},"7":{"start":{"line":40,"column":2},"end":{"line":46,"column":4}}},"fnMap":{"0":{"name":"(anonymous_0)","decl":{"start":{"line":26,"column":21},"end":{"line":26,"column":22}},"loc":{"start":{"line":26,"column":27},"end":{"line":47,"column":1}},"line":26},"1":{"name":"(anonymous_1)","decl":{"start":{"line":34,"column":12},"end":{"line":34,"column":13}},"loc":{"start":{"line":34,"column":18},"end":{"line":38,"column":3}},"line":34}},"branchMap":{"0":{"loc":{"start":{"line":42,"column":26},"end":{"line":42,"column":62}},"type":"cond-expr","locations":[{"start":{"line":42,"column":42},"end":{"line":42,"column":53}},{"start":{"line":42,"column":56},"end":{"line":42,"column":62}}],"line":42},"1":{"loc":{"start":{"line":43,"column":25},"end":{"line":43,"column":61}},"type":"cond-expr","locations":[{"start":{"line":43,"column":41},"end":{"line":43,"column":52}},{"start":{"line":43,"column":55},"end":{"line":43,"column":61}}],"line":43}},"s":{"0":1,"1":1,"2":0,"3":0,"4":0,"5":0,"6":0,"7":0},"f":{"0":0,"1":0},"b":{"0":[0,0],"1":[0,0]},"_coverageSchema":"1a1c01bbd47fc00a2c39e90264f33305004495a9","hash":"4f66053e20a03dcde923eb3e6459bfd31668c112"}
,"/Users/neilmosser/Desktop/FEC/project-catwalk/frontend/src/components/Overview/ImageGallery/SideImages.jsx": {"path":"/Users/neilmosser/Desktop/FEC/project-catwalk/frontend/src/components/Overview/ImageGallery/SideImages.jsx","statementMap":{"0":{"start":{"line":5,"column":19},"end":{"line":79,"column":1}},"1":{"start":{"line":7,"column":28},"end":{"line":7,"column":40}},"2":{"start":{"line":8,"column":38},"end":{"line":8,"column":50}},"3":{"start":{"line":9,"column":28},"end":{"line":9,"column":39}},"4":{"start":{"line":10,"column":24},"end":{"line":10,"column":35}},"5":{"start":{"line":11,"column":42},"end":{"line":11,"column":53}},"6":{"start":{"line":12,"column":32},"end":{"line":12,"column":59}},"7":{"start":{"line":13,"column":46},"end":{"line":13,"column":58}},"8":{"start":{"line":15,"column":22},"end":{"line":27,"column":3}},"9":{"start":{"line":16,"column":4},"end":{"line":19,"column":5}},"10":{"start":{"line":17,"column":4},"end":{"line":17,"column":58}},"11":{"start":{"line":18,"column":4},"end":{"line":18,"column":45}},"12":{"start":{"line":20,"column":4},"end":{"line":20,"column":51}},"13":{"start":{"line":21,"column":4},"end":{"line":21,"column":58}},"14":{"start":{"line":22,"column":4},"end":{"line":22,"column":27}},"15":{"start":{"line":23,"column":4},"end":{"line":23,"column":30}},"16":{"start":{"line":25,"column":4},"end":{"line":25,"column":44}},"17":{"start":{"line":29,"column":27},"end":{"line":39,"column":3}},"18":{"start":{"line":36,"column":4},"end":{"line":36,"column":65}},"19":{"start":{"line":37,"column":4},"end":{"line":37,"column":105}},"20":{"start":{"line":38,"column":4},"end":{"line":38,"column":118}},"21":{"start":{"line":41,"column":26},"end":{"line":55,"column":4}},"22":{"start":{"line":49,"column":4},"end":{"line":49,"column":52}},"23":{"start":{"line":50,"column":4},"end":{"line":50,"column":105}},"24":{"start":{"line":51,"column":4},"end":{"line":51,"column":118}},"25":{"start":{"line":57,"column":2},"end":{"line":64,"column":28}},"26":{"start":{"line":58,"column":4},"end":{"line":62,"column":5}},"27":{"start":{"line":59,"column":4},"end":{"line":59,"column":41}},"28":{"start":{"line":60,"column":4},"end":{"line":60,"column":56}},"29":{"start":{"line":66,"column":2},"end":{"line":78,"column":10}},"30":{"start":{"line":72,"column":6},"end":{"line":72,"column":109}}},"fnMap":{"0":{"name":"(anonymous_0)","decl":{"start":{"line":5,"column":19},"end":{"line":5,"column":20}},"loc":{"start":{"line":5,"column":30},"end":{"line":79,"column":1}},"line":5},"1":{"name":"(anonymous_1)","decl":{"start":{"line":15,"column":22},"end":{"line":15,"column":23}},"loc":{"start":{"line":15,"column":29},"end":{"line":27,"column":3}},"line":15},"2":{"name":"(anonymous_2)","decl":{"start":{"line":29,"column":27},"end":{"line":29,"column":28}},"loc":{"start":{"line":29,"column":33},"end":{"line":39,"column":3}},"line":29},"3":{"name":"(anonymous_3)","decl":{"start":{"line":41,"column":26},"end":{"line":41,"column":27}},"loc":{"start":{"line":41,"column":32},"end":{"line":55,"column":4}},"line":41},"4":{"name":"(anonymous_4)","decl":{"start":{"line":57,"column":12},"end":{"line":57,"column":13}},"loc":{"start":{"line":57,"column":18},"end":{"line":64,"column":3}},"line":57},"5":{"name":"(anonymous_5)","decl":{"start":{"line":71,"column":20},"end":{"line":71,"column":21}},"loc":{"start":{"line":71,"column":40},"end":{"line":74,"column":5}},"line":71}},"branchMap":{"0":{"loc":{"start":{"line":16,"column":4},"end":{"line":19,"column":5}},"type":"if","locations":[{"start":{"line":16,"column":4},"end":{"line":19,"column":5}},{"start":{},"end":{}}],"line":16},"1":{"loc":{"start":{"line":36,"column":4},"end":{"line":36,"column":64}},"type":"cond-expr","locations":[{"start":{"line":36,"column":31},"end":{"line":36,"column":42}},{"start":{"line":36,"column":45},"end":{"line":36,"column":64}}],"line":36},"2":{"loc":{"start":{"line":49,"column":4},"end":{"line":49,"column":51}},"type":"cond-expr","locations":[{"start":{"line":49,"column":18},"end":{"line":49,"column":29}},{"start":{"line":49,"column":32},"end":{"line":49,"column":51}}],"line":49},"3":{"loc":{"start":{"line":58,"column":4},"end":{"line":62,"column":5}},"type":"if","locations":[{"start":{"line":58,"column":4},"end":{"line":62,"column":5}},{"start":{},"end":{}}],"line":58}},"s":{"0":1,"1":0,"2":0,"3":0,"4":0,"5":0,"6":0,"7":0,"8":0,"9":0,"10":0,"11":0,"12":0,"13":0,"14":0,"15":0,"16":0,"17":0,"18":0,"19":0,"20":0,"21":0,"22":0,"23":0,"24":0,"25":0,"26":0,"27":0,"28":0,"29":0,"30":0},"f":{"0":0,"1":0,"2":0,"3":0,"4":0,"5":0},"b":{"0":[0,0],"1":[0,0],"2":[0,0],"3":[0,0]},"_coverageSchema":"1a1c01bbd47fc00a2c39e90264f33305004495a9","hash":"a85ab62be7efb124072ab0cb79bf7a8f8cc49845"}
,"/Users/neilmosser/Desktop/FEC/project-catwalk/frontend/src/components/Overview/ImageGallery/Slideshow.jsx": {"path":"/Users/neilmosser/Desktop/FEC/project-catwalk/frontend/src/components/Overview/ImageGallery/Slideshow.jsx","statementMap":{"0":{"start":{"line":11,"column":20},"end":{"line":71,"column":9}},"1":{"start":{"line":12,"column":34},"end":{"line":12,"column":61}},"2":{"start":{"line":13,"column":34},"end":{"line":13,"column":49}},"3":{"start":{"line":22,"column":21},"end":{"line":28,"column":7}},"4":{"start":{"line":24,"column":21},"end":{"line":24,"column":33}},"5":{"start":{"line":25,"column":8},"end":{"line":25,"column":80}},"6":{"start":{"line":29,"column":24},"end":{"line":35,"column":7}},"7":{"start":{"line":31,"column":21},"end":{"line":31,"column":33}},"8":{"start":{"line":32,"column":8},"end":{"line":32,"column":79}},"9":{"start":{"line":43,"column":19},"end":{"line":45,"column":5}},"10":{"start":{"line":44,"column":6},"end":{"line":44,"column":27}},"11":{"start":{"line":51,"column":4},"end":{"line":70,"column":11}}},"fnMap":{"0":{"name":"(anonymous_0)","decl":{"start":{"line":11,"column":20},"end":{"line":11,"column":21}},"loc":{"start":{"line":11,"column":31},"end":{"line":71,"column":9}},"line":11},"1":{"name":"(anonymous_1)","decl":{"start":{"line":22,"column":21},"end":{"line":22,"column":22}},"loc":{"start":{"line":22,"column":27},"end":{"line":28,"column":7}},"line":22},"2":{"name":"(anonymous_2)","decl":{"start":{"line":29,"column":24},"end":{"line":29,"column":25}},"loc":{"start":{"line":29,"column":30},"end":{"line":35,"column":7}},"line":29},"3":{"name":"(anonymous_3)","decl":{"start":{"line":43,"column":19},"end":{"line":43,"column":20}},"loc":{"start":{"line":43,"column":25},"end":{"line":45,"column":5}},"line":43}},"branchMap":{"0":{"loc":{"start":{"line":25,"column":8},"end":{"line":25,"column":79}},"type":"cond-expr","locations":[{"start":{"line":25,"column":24},"end":{"line":25,"column":53}},{"start":{"line":25,"column":56},"end":{"line":25,"column":79}}],"line":25},"1":{"loc":{"start":{"line":32,"column":8},"end":{"line":32,"column":78}},"type":"cond-expr","locations":[{"start":{"line":32,"column":39},"end":{"line":32,"column":52}},{"start":{"line":32,"column":55},"end":{"line":32,"column":78}}],"line":32},"2":{"loc":{"start":{"line":52,"column":28},"end":{"line":52,"column":110}},"type":"cond-expr","locations":[{"start":{"line":52,"column":39},"end":{"line":52,"column":69}},{"start":{"line":52,"column":72},"end":{"line":52,"column":110}}],"line":52},"3":{"loc":{"start":{"line":57,"column":42},"end":{"line":57,"column":100}},"type":"binary-expr","locations":[{"start":{"line":57,"column":42},"end":{"line":57,"column":63}},{"start":{"line":57,"column":67},"end":{"line":57,"column":100}}],"line":57}},"s":{"0":1,"1":0,"2":0,"3":0,"4":0,"5":0,"6":0,"7":0,"8":0,"9":0,"10":0,"11":0},"f":{"0":0,"1":0,"2":0,"3":0},"b":{"0":[0,0],"1":[0,0],"2":[0,0],"3":[0,0]},"_coverageSchema":"1a1c01bbd47fc00a2c39e90264f33305004495a9","hash":"314880ebcfffe2ff1c7c6fd888e24f52d22d79ef"}
,"/Users/neilmosser/Desktop/FEC/project-catwalk/frontend/src/components/Overview/ProductDescription/DescriptionCheckboxes.jsx": {"path":"/Users/neilmosser/Desktop/FEC/project-catwalk/frontend/src/components/Overview/ProductDescription/DescriptionCheckboxes.jsx","statementMap":{"0":{"start":{"line":4,"column":30},"end":{"line":18,"column":1}},"1":{"start":{"line":5,"column":26},"end":{"line":5,"column":51}},"2":{"start":{"line":6,"column":2},"end":{"line":17,"column":1}},"3":{"start":{"line":7,"column":4},"end":{"line":7,"column":36}},"4":{"start":{"line":9,"column":2},"end":{"line":16,"column":4}},"5":{"start":{"line":12,"column":8},"end":{"line":12,"column":86}}},"fnMap":{"0":{"name":"(anonymous_0)","decl":{"start":{"line":4,"column":30},"end":{"line":4,"column":31}},"loc":{"start":{"line":4,"column":36},"end":{"line":18,"column":1}},"line":4},"1":{"name":"(anonymous_1)","decl":{"start":{"line":11,"column":32},"end":{"line":11,"column":33}},"loc":{"start":{"line":12,"column":8},"end":{"line":12,"column":86}},"line":12}},"branchMap":{"0":{"loc":{"start":{"line":6,"column":2},"end":{"line":17,"column":1}},"type":"if","locations":[{"start":{"line":6,"column":2},"end":{"line":17,"column":1}},{"start":{"line":8,"column":9},"end":{"line":17,"column":1}}],"line":6}},"s":{"0":1,"1":0,"2":0,"3":0,"4":0,"5":0},"f":{"0":0,"1":0},"b":{"0":[0,0]},"_coverageSchema":"1a1c01bbd47fc00a2c39e90264f33305004495a9","hash":"0b2a51f46a16f046845b919d547a64d38fcbde5e"}
,"/Users/neilmosser/Desktop/FEC/project-catwalk/frontend/src/components/Overview/ProductDescription/DescriptionText.jsx": {"path":"/Users/neilmosser/Desktop/FEC/project-catwalk/frontend/src/components/Overview/ProductDescription/DescriptionText.jsx","statementMap":{"0":{"start":{"line":4,"column":24},"end":{"line":12,"column":1}},"1":{"start":{"line":5,"column":24},"end":{"line":5,"column":49}},"2":{"start":{"line":6,"column":2},"end":{"line":11,"column":4}}},"fnMap":{"0":{"name":"(anonymous_0)","decl":{"start":{"line":4,"column":24},"end":{"line":4,"column":25}},"loc":{"start":{"line":4,"column":30},"end":{"line":12,"column":1}},"line":4}},"branchMap":{},"s":{"0":1,"1":0,"2":0},"f":{"0":0},"b":{},"_coverageSchema":"1a1c01bbd47fc00a2c39e90264f33305004495a9","hash":"68fd613e138dea2bb49b6c4886ccf1ba8ffe1742"}
,"/Users/neilmosser/Desktop/FEC/project-catwalk/frontend/src/components/Overview/ProductDescription/ProductDescriptionParent.jsx": {"path":"/Users/neilmosser/Desktop/FEC/project-catwalk/frontend/src/components/Overview/ProductDescription/ProductDescriptionParent.jsx","statementMap":{"0":{"start":{"line":8,"column":33},"end":{"line":18,"column":1}},"1":{"start":{"line":10,"column":22},"end":{"line":10,"column":47}},"2":{"start":{"line":12,"column":2},"end":{"line":17,"column":4}}},"fnMap":{"0":{"name":"(anonymous_0)","decl":{"start":{"line":8,"column":33},"end":{"line":8,"column":34}},"loc":{"start":{"line":8,"column":39},"end":{"line":18,"column":1}},"line":8}},"branchMap":{},"s":{"0":1,"1":0,"2":0},"f":{"0":0},"b":{},"_coverageSchema":"1a1c01bbd47fc00a2c39e90264f33305004495a9","hash":"63ccba3c5c022e68748bd7dfd42fbfc38eded7b4"}
,"/Users/neilmosser/Desktop/FEC/project-catwalk/frontend/src/components/Overview/ProductInformation/AddToCart.jsx": {"path":"/Users/neilmosser/Desktop/FEC/project-catwalk/frontend/src/components/Overview/ProductInformation/AddToCart.jsx","statementMap":{"0":{"start":{"line":4,"column":18},"end":{"line":32,"column":1}},"1":{"start":{"line":6,"column":32},"end":{"line":6,"column":47}},"2":{"start":{"line":8,"column":22},"end":{"line":10,"column":3}},"3":{"start":{"line":9,"column":4},"end":{"line":9,"column":25}},"4":{"start":{"line":12,"column":20},"end":{"line":14,"column":3}},"5":{"start":{"line":13,"column":4},"end":{"line":13,"column":30}},"6":{"start":{"line":16,"column":2},"end":{"line":30,"column":3}}},"fnMap":{"0":{"name":"(anonymous_0)","decl":{"start":{"line":4,"column":18},"end":{"line":4,"column":19}},"loc":{"start":{"line":4,"column":24},"end":{"line":32,"column":1}},"line":4},"1":{"name":"(anonymous_1)","decl":{"start":{"line":8,"column":22},"end":{"line":8,"column":23}},"loc":{"start":{"line":8,"column":28},"end":{"line":10,"column":3}},"line":8},"2":{"name":"(anonymous_2)","decl":{"start":{"line":12,"column":20},"end":{"line":12,"column":21}},"loc":{"start":{"line":12,"column":26},"end":{"line":14,"column":3}},"line":12}},"branchMap":{"0":{"loc":{"start":{"line":24,"column":12},"end":{"line":25,"column":89}},"type":"cond-expr","locations":[{"start":{"line":24,"column":23},"end":{"line":24,"column":93}},{"start":{"line":25,"column":14},"end":{"line":25,"column":89}}],"line":24}},"s":{"0":1,"1":0,"2":0,"3":0,"4":0,"5":0,"6":0},"f":{"0":0,"1":0,"2":0},"b":{"0":[0,0]},"_coverageSchema":"1a1c01bbd47fc00a2c39e90264f33305004495a9","hash":"1d7983b6986f3cb144cec4059ac1934acfd5ca48"}
,"/Users/neilmosser/Desktop/FEC/project-catwalk/frontend/src/components/Overview/ProductInformation/OverviewDropdowns.jsx": {"path":"/Users/neilmosser/Desktop/FEC/project-catwalk/frontend/src/components/Overview/ProductInformation/OverviewDropdowns.jsx","statementMap":{"0":{"start":{"line":7,"column":26},"end":{"line":16,"column":1}},"1":{"start":{"line":8,"column":24},"end":{"line":8,"column":49}},"2":{"start":{"line":10,"column":2},"end":{"line":15,"column":4}}},"fnMap":{"0":{"name":"(anonymous_0)","decl":{"start":{"line":7,"column":26},"end":{"line":7,"column":27}},"loc":{"start":{"line":7,"column":32},"end":{"line":16,"column":1}},"line":7}},"branchMap":{},"s":{"0":1,"1":0,"2":0},"f":{"0":0},"b":{},"_coverageSchema":"1a1c01bbd47fc00a2c39e90264f33305004495a9","hash":"17a654d45ebbf53a8e0db4ab8c63cabbf8094ac4"}
,"/Users/neilmosser/Desktop/FEC/project-catwalk/frontend/src/components/Overview/ProductInformation/OverviewReview.jsx": {"path":"/Users/neilmosser/Desktop/FEC/project-catwalk/frontend/src/components/Overview/ProductInformation/OverviewReview.jsx","statementMap":{"0":{"start":{"line":6,"column":23},"end":{"line":23,"column":1}},"1":{"start":{"line":7,"column":24},"end":{"line":7,"column":49}},"2":{"start":{"line":8,"column":22},"end":{"line":8,"column":49}},"3":{"start":{"line":9,"column":38},"end":{"line":9,"column":65}},"4":{"start":{"line":13,"column":2},"end":{"line":22,"column":4}}},"fnMap":{"0":{"name":"(anonymous_0)","decl":{"start":{"line":6,"column":23},"end":{"line":6,"column":24}},"loc":{"start":{"line":6,"column":29},"end":{"line":23,"column":1}},"line":6}},"branchMap":{"0":{"loc":{"start":{"line":15,"column":8},"end":{"line":18,"column":10}},"type":"cond-expr","locations":[{"start":{"line":15,"column":26},"end":{"line":17,"column":98}},{"start":{"line":18,"column":8},"end":{"line":18,"column":10}}],"line":15},"1":{"loc":{"start":{"line":16,"column":53},"end":{"line":16,"column":67}},"type":"binary-expr","locations":[{"start":{"line":16,"column":53},"end":{"line":16,"column":62}},{"start":{"line":16,"column":66},"end":{"line":16,"column":67}}],"line":16}},"s":{"0":1,"1":0,"2":0,"3":0,"4":0},"f":{"0":0},"b":{"0":[0,0],"1":[0,0]},"_coverageSchema":"1a1c01bbd47fc00a2c39e90264f33305004495a9","hash":"e5a1ac5bd63bb9596df5d1ab485d6cadbb0b36b0"}
,"/Users/neilmosser/Desktop/FEC/project-catwalk/frontend/src/components/Overview/ProductInformation/OverviewStyle.jsx": {"path":"/Users/neilmosser/Desktop/FEC/project-catwalk/frontend/src/components/Overview/ProductInformation/OverviewStyle.jsx","statementMap":{"0":{"start":{"line":7,"column":22},"end":{"line":62,"column":1}},"1":{"start":{"line":8,"column":40},"end":{"line":8,"column":65}},"2":{"start":{"line":9,"column":51},"end":{"line":9,"column":78}},"3":{"start":{"line":10,"column":26},"end":{"line":10,"column":38}},"4":{"start":{"line":11,"column":32},"end":{"line":11,"column":44}},"5":{"start":{"line":12,"column":34},"end":{"line":12,"column":49}},"6":{"start":{"line":13,"column":28},"end":{"line":13,"column":40}},"7":{"start":{"line":14,"column":24},"end":{"line":14,"column":36}},"8":{"start":{"line":17,"column":2},"end":{"line":25,"column":20}},"9":{"start":{"line":18,"column":4},"end":{"line":24,"column":7}},"10":{"start":{"line":19,"column":4},"end":{"line":24,"column":6}},"11":{"start":{"line":20,"column":6},"end":{"line":20,"column":39}},"12":{"start":{"line":21,"column":6},"end":{"line":21,"column":35}},"13":{"start":{"line":23,"column":6},"end":{"line":23,"column":44}},"14":{"start":{"line":27,"column":22},"end":{"line":41,"column":3}},"15":{"start":{"line":28,"column":4},"end":{"line":31,"column":5}},"16":{"start":{"line":29,"column":4},"end":{"line":29,"column":54}},"17":{"start":{"line":30,"column":4},"end":{"line":30,"column":42}},"18":{"start":{"line":32,"column":4},"end":{"line":32,"column":48}},"19":{"start":{"line":33,"column":4},"end":{"line":33,"column":54}},"20":{"start":{"line":34,"column":4},"end":{"line":34,"column":23}},"21":{"start":{"line":37,"column":4},"end":{"line":37,"column":25}},"22":{"start":{"line":43,"column":2},"end":{"line":50,"column":11}},"23":{"start":{"line":44,"column":4},"end":{"line":49,"column":6}},"24":{"start":{"line":44,"column":16},"end":{"line":44,"column":17}},"25":{"start":{"line":46,"column":6},"end":{"line":48,"column":5}},"26":{"start":{"line":47,"column":8},"end":{"line":47,"column":33}},"27":{"start":{"line":52,"column":2},"end":{"line":61,"column":4}},"28":{"start":{"line":57,"column":10},"end":{"line":57,"column":113}}},"fnMap":{"0":{"name":"(anonymous_0)","decl":{"start":{"line":7,"column":22},"end":{"line":7,"column":23}},"loc":{"start":{"line":7,"column":28},"end":{"line":62,"column":1}},"line":7},"1":{"name":"(anonymous_1)","decl":{"start":{"line":17,"column":12},"end":{"line":17,"column":13}},"loc":{"start":{"line":17,"column":18},"end":{"line":25,"column":3}},"line":17},"2":{"name":"(anonymous_2)","decl":{"start":{"line":19,"column":61},"end":{"line":19,"column":62}},"loc":{"start":{"line":19,"column":70},"end":{"line":22,"column":5}},"line":19},"3":{"name":"(anonymous_3)","decl":{"start":{"line":22,"column":13},"end":{"line":22,"column":14}},"loc":{"start":{"line":22,"column":22},"end":{"line":24,"column":5}},"line":22},"4":{"name":"(anonymous_4)","decl":{"start":{"line":27,"column":22},"end":{"line":27,"column":23}},"loc":{"start":{"line":27,"column":29},"end":{"line":41,"column":3}},"line":27},"5":{"name":"(anonymous_5)","decl":{"start":{"line":43,"column":12},"end":{"line":43,"column":13}},"loc":{"start":{"line":43,"column":18},"end":{"line":50,"column":3}},"line":43},"6":{"name":"(anonymous_6)","decl":{"start":{"line":56,"column":21},"end":{"line":56,"column":22}},"loc":{"start":{"line":57,"column":10},"end":{"line":57,"column":113}},"line":57}},"branchMap":{"0":{"loc":{"start":{"line":18,"column":4},"end":{"line":24,"column":7}},"type":"if","locations":[{"start":{"line":18,"column":4},"end":{"line":24,"column":7}},{"start":{},"end":{}}],"line":18},"1":{"loc":{"start":{"line":28,"column":4},"end":{"line":31,"column":5}},"type":"if","locations":[{"start":{"line":28,"column":4},"end":{"line":31,"column":5}},{"start":{},"end":{}}],"line":28},"2":{"loc":{"start":{"line":46,"column":6},"end":{"line":48,"column":5}},"type":"if","locations":[{"start":{"line":46,"column":6},"end":{"line":48,"column":5}},{"start":{},"end":{}}],"line":46},"3":{"loc":{"start":{"line":54,"column":38},"end":{"line":54,"column":88}},"type":"cond-expr","locations":[{"start":{"line":54,"column":69},"end":{"line":54,"column":81}},{"start":{"line":54,"column":84},"end":{"line":54,"column":88}}],"line":54}},"s":{"0":1,"1":0,"2":0,"3":0,"4":0,"5":0,"6":0,"7":0,"8":0,"9":0,"10":0,"11":0,"12":0,"13":0,"14":0,"15":0,"16":0,"17":0,"18":0,"19":0,"20":0,"21":0,"22":0,"23":0,"24":0,"25":0,"26":0,"27":0,"28":0},"f":{"0":0,"1":0,"2":0,"3":0,"4":0,"5":0,"6":0},"b":{"0":[0,0],"1":[0,0],"2":[0,0],"3":[0,0]},"_coverageSchema":"1a1c01bbd47fc00a2c39e90264f33305004495a9","hash":"fad37619508034c86ce845715396066e04af8820"}
,"/Users/neilmosser/Desktop/FEC/project-catwalk/frontend/src/components/Overview/ProductInformation/OverviewTitle.jsx": {"path":"/Users/neilmosser/Desktop/FEC/project-catwalk/frontend/src/components/Overview/ProductInformation/OverviewTitle.jsx","statementMap":{"0":{"start":{"line":5,"column":22},"end":{"line":28,"column":1}},"1":{"start":{"line":6,"column":24},"end":{"line":6,"column":49}},"2":{"start":{"line":7,"column":50},"end":{"line":7,"column":77}},"3":{"start":{"line":8,"column":36},"end":{"line":8,"column":63}},"4":{"start":{"line":10,"column":3},"end":{"line":14,"column":20}},"5":{"start":{"line":12,"column":4},"end":{"line":12,"column":19}},"6":{"start":{"line":17,"column":2},"end":{"line":27,"column":4}}},"fnMap":{"0":{"name":"(anonymous_0)","decl":{"start":{"line":5,"column":22},"end":{"line":5,"column":23}},"loc":{"start":{"line":5,"column":28},"end":{"line":28,"column":1}},"line":5},"1":{"name":"(anonymous_1)","decl":{"start":{"line":10,"column":13},"end":{"line":10,"column":14}},"loc":{"start":{"line":10,"column":19},"end":{"line":14,"column":3}},"line":10}},"branchMap":{"0":{"loc":{"start":{"line":22,"column":6},"end":{"line":24,"column":99}},"type":"cond-expr","locations":[{"start":{"line":22,"column":27},"end":{"line":22,"column":67}},{"start":{"line":23,"column":6},"end":{"line":24,"column":99}}],"line":22}},"s":{"0":1,"1":0,"2":0,"3":0,"4":0,"5":0,"6":0},"f":{"0":0,"1":0},"b":{"0":[0,0]},"_coverageSchema":"1a1c01bbd47fc00a2c39e90264f33305004495a9","hash":"dc351300b1e085d14c2757ec4f21d4f157b35074"}
,"/Users/neilmosser/Desktop/FEC/project-catwalk/frontend/src/components/Overview/ProductInformation/ProductInformationParent.jsx": {"path":"/Users/neilmosser/Desktop/FEC/project-catwalk/frontend/src/components/Overview/ProductInformation/ProductInformationParent.jsx","statementMap":{"0":{"start":{"line":9,"column":33},"end":{"line":18,"column":1}},"1":{"start":{"line":10,"column":2},"end":{"line":17,"column":4}}},"fnMap":{"0":{"name":"(anonymous_0)","decl":{"start":{"line":9,"column":33},"end":{"line":9,"column":34}},"loc":{"start":{"line":9,"column":39},"end":{"line":18,"column":1}},"line":9}},"branchMap":{},"s":{"0":1,"1":0},"f":{"0":0},"b":{},"_coverageSchema":"1a1c01bbd47fc00a2c39e90264f33305004495a9","hash":"63eda6b1d0debee9e2d909932da5564756b9cf69"}
,"/Users/neilmosser/Desktop/FEC/project-catwalk/frontend/src/components/Overview/ProductInformation/SelectSize.jsx": {"path":"/Users/neilmosser/Desktop/FEC/project-catwalk/frontend/src/components/Overview/ProductInformation/SelectSize.jsx","statementMap":{"0":{"start":{"line":5,"column":19},"end":{"line":75,"column":1}},"1":{"start":{"line":7,"column":24},"end":{"line":7,"column":49}},"2":{"start":{"line":8,"column":44},"end":{"line":8,"column":71}},"3":{"start":{"line":9,"column":26},"end":{"line":9,"column":38}},"4":{"start":{"line":10,"column":48},"end":{"line":10,"column":60}},"5":{"start":{"line":11,"column":40},"end":{"line":11,"column":52}},"6":{"start":{"line":12,"column":48},"end":{"line":12,"column":61}},"7":{"start":{"line":13,"column":44},"end":{"line":13,"column":56}},"8":{"start":{"line":15,"column":2},"end":{"line":22,"column":30}},"9":{"start":{"line":16,"column":6},"end":{"line":21,"column":7}},"10":{"start":{"line":17,"column":8},"end":{"line":17,"column":43}},"11":{"start":{"line":18,"column":8},"end":{"line":20,"column":9}},"12":{"start":{"line":19,"column":10},"end":{"line":19,"column":50}},"13":{"start":{"line":25,"column":2},"end":{"line":32,"column":19}},"14":{"start":{"line":26,"column":4},"end":{"line":31,"column":1}},"15":{"start":{"line":27,"column":6},"end":{"line":30,"column":7}},"16":{"start":{"line":28,"column":8},"end":{"line":29,"column":15}},"17":{"start":{"line":35,"column":2},"end":{"line":41,"column":23}},"18":{"start":{"line":36,"column":18},"end":{"line":36,"column":20}},"19":{"start":{"line":37,"column":4},"end":{"line":39,"column":5}},"20":{"start":{"line":37,"column":16},"end":{"line":37,"column":17}},"21":{"start":{"line":38,"column":6},"end":{"line":38,"column":22}},"22":{"start":{"line":40,"column":4},"end":{"line":40,"column":30}},"23":{"start":{"line":44,"column":23},"end":{"line":46,"column":3}},"24":{"start":{"line":45,"column":4},"end":{"line":45,"column":35}},"25":{"start":{"line":50,"column":0},"end":{"line":74,"column":1}},"26":{"start":{"line":55,"column":8},"end":{"line":55,"column":80}},"27":{"start":{"line":67,"column":7},"end":{"line":67,"column":69}}},"fnMap":{"0":{"name":"(anonymous_0)","decl":{"start":{"line":5,"column":19},"end":{"line":5,"column":20}},"loc":{"start":{"line":5,"column":25},"end":{"line":75,"column":1}},"line":5},"1":{"name":"(anonymous_1)","decl":{"start":{"line":15,"column":12},"end":{"line":15,"column":13}},"loc":{"start":{"line":15,"column":18},"end":{"line":22,"column":3}},"line":15},"2":{"name":"(anonymous_2)","decl":{"start":{"line":25,"column":12},"end":{"line":25,"column":13}},"loc":{"start":{"line":25,"column":18},"end":{"line":32,"column":3}},"line":25},"3":{"name":"(anonymous_3)","decl":{"start":{"line":35,"column":12},"end":{"line":35,"column":13}},"loc":{"start":{"line":35,"column":18},"end":{"line":41,"column":3}},"line":35},"4":{"name":"(anonymous_4)","decl":{"start":{"line":44,"column":23},"end":{"line":44,"column":24}},"loc":{"start":{"line":44,"column":30},"end":{"line":46,"column":3}},"line":44},"5":{"name":"(anonymous_5)","decl":{"start":{"line":54,"column":67},"end":{"line":54,"column":68}},"loc":{"start":{"line":54,"column":87},"end":{"line":56,"column":7}},"line":54},"6":{"name":"(anonymous_6)","decl":{"start":{"line":66,"column":47},"end":{"line":66,"column":48}},"loc":{"start":{"line":66,"column":67},"end":{"line":68,"column":7}},"line":66}},"branchMap":{"0":{"loc":{"start":{"line":16,"column":6},"end":{"line":21,"column":7}},"type":"if","locations":[{"start":{"line":16,"column":6},"end":{"line":21,"column":7}},{"start":{},"end":{}}],"line":16},"1":{"loc":{"start":{"line":18,"column":8},"end":{"line":20,"column":9}},"type":"if","locations":[{"start":{"line":18,"column":8},"end":{"line":20,"column":9}},{"start":{},"end":{}}],"line":18},"2":{"loc":{"start":{"line":27,"column":6},"end":{"line":30,"column":7}},"type":"if","locations":[{"start":{"line":27,"column":6},"end":{"line":30,"column":7}},{"start":{},"end":{}}],"line":27},"3":{"loc":{"start":{"line":28,"column":27},"end":{"line":29,"column":14}},"type":"cond-expr","locations":[{"start":{"line":28,"column":65},"end":{"line":28,"column":94}},{"start":{"line":29,"column":12},"end":{"line":29,"column":14}}],"line":28},"4":{"loc":{"start":{"line":54,"column":7},"end":{"line":57,"column":32}},"type":"cond-expr","locations":[{"start":{"line":54,"column":32},"end":{"line":56,"column":8}},{"start":{"line":57,"column":8},"end":{"line":57,"column":32}}],"line":54},"5":{"loc":{"start":{"line":61,"column":5},"end":{"line":71,"column":13}},"type":"cond-expr","locations":[{"start":{"line":62,"column":4},"end":{"line":64,"column":13}},{"start":{"line":64,"column":16},"end":{"line":71,"column":13}}],"line":61},"6":{"loc":{"start":{"line":66,"column":6},"end":{"line":69,"column":43}},"type":"cond-expr","locations":[{"start":{"line":66,"column":29},"end":{"line":68,"column":8}},{"start":{"line":69,"column":6},"end":{"line":69,"column":43}}],"line":66}},"s":{"0":1,"1":0,"2":0,"3":0,"4":0,"5":0,"6":0,"7":0,"8":0,"9":0,"10":0,"11":0,"12":0,"13":0,"14":0,"15":0,"16":0,"17":0,"18":0,"19":0,"20":0,"21":0,"22":0,"23":0,"24":0,"25":0,"26":0,"27":0},"f":{"0":0,"1":0,"2":0,"3":0,"4":0,"5":0,"6":0},"b":{"0":[0,0],"1":[0,0],"2":[0,0],"3":[0,0],"4":[0,0],"5":[0,0],"6":[0,0]},"_coverageSchema":"1a1c01bbd47fc00a2c39e90264f33305004495a9","hash":"6dc7df078ceb900b9f5f08a4c7c09d9dc654c268"}
,"/Users/neilmosser/Desktop/FEC/project-catwalk/frontend/src/components/Overview/ProductInformation/StyleCard.jsx": {"path":"/Users/neilmosser/Desktop/FEC/project-catwalk/frontend/src/components/Overview/ProductInformation/StyleCard.jsx","statementMap":{"0":{"start":{"line":6,"column":18},"end":{"line":38,"column":1}},"1":{"start":{"line":7,"column":24},"end":{"line":7,"column":49}},"2":{"start":{"line":8,"column":41},"end":{"line":8,"column":68}},"3":{"start":{"line":9,"column":42},"end":{"line":9,"column":69}},"4":{"start":{"line":10,"column":36},"end":{"line":10,"column":63}},"5":{"start":{"line":15,"column":22},"end":{"line":27,"column":3}},"6":{"start":{"line":16,"column":27},"end":{"line":16,"column":44}},"7":{"start":{"line":17,"column":20},"end":{"line":17,"column":22}},"8":{"start":{"line":18,"column":4},"end":{"line":20,"column":6}},"9":{"start":{"line":19,"column":6},"end":{"line":19,"column":34}},"10":{"start":{"line":21,"column":4},"end":{"line":21,"column":25}},"11":{"start":{"line":23,"column":4},"end":{"line":23,"column":21}},"12":{"start":{"line":24,"column":4},"end":{"line":24,"column":34}},"13":{"start":{"line":33,"column":2},"end":{"line":37,"column":4}}},"fnMap":{"0":{"name":"(anonymous_0)","decl":{"start":{"line":6,"column":18},"end":{"line":6,"column":19}},"loc":{"start":{"line":6,"column":29},"end":{"line":38,"column":1}},"line":6},"1":{"name":"(anonymous_1)","decl":{"start":{"line":15,"column":22},"end":{"line":15,"column":23}},"loc":{"start":{"line":15,"column":29},"end":{"line":27,"column":3}},"line":15},"2":{"name":"(anonymous_2)","decl":{"start":{"line":18,"column":29},"end":{"line":18,"column":30}},"loc":{"start":{"line":18,"column":42},"end":{"line":20,"column":5}},"line":18}},"branchMap":{},"s":{"0":1,"1":0,"2":0,"3":0,"4":0,"5":0,"6":0,"7":0,"8":0,"9":0,"10":0,"11":0,"12":0,"13":0},"f":{"0":0,"1":0,"2":0},"b":{},"_coverageSchema":"1a1c01bbd47fc00a2c39e90264f33305004495a9","hash":"fc0e4a23e4de1211bbbbee2d48d217a6f7318fcd"}
,"/Users/neilmosser/Desktop/FEC/project-catwalk/frontend/src/components/RatingsReviews/ReviewCharacteristics.jsx": {"path":"/Users/neilmosser/Desktop/FEC/project-catwalk/frontend/src/components/RatingsReviews/ReviewCharacteristics.jsx","statementMap":{"0":{"start":{"line":5,"column":30},"end":{"line":55,"column":1}},"1":{"start":{"line":8,"column":28},"end":{"line":8,"column":30}},"2":{"start":{"line":11,"column":15},"end":{"line":18,"column":3}},"3":{"start":{"line":21,"column":2},"end":{"line":47,"column":3}},"4":{"start":{"line":22,"column":4},"end":{"line":46,"column":5}},"5":{"start":{"line":23,"column":6},"end":{"line":45,"column":8}},"6":{"start":{"line":50,"column":2},"end":{"line":54,"column":4}}},"fnMap":{"0":{"name":"(anonymous_0)","decl":{"start":{"line":5,"column":30},"end":{"line":5,"column":31}},"loc":{"start":{"line":5,"column":41},"end":{"line":55,"column":1}},"line":5}},"branchMap":{"0":{"loc":{"start":{"line":22,"column":4},"end":{"line":46,"column":5}},"type":"if","locations":[{"start":{"line":22,"column":4},"end":{"line":46,"column":5}},{"start":{},"end":{}}],"line":22}},"s":{"0":1,"1":0,"2":0,"3":0,"4":0,"5":0,"6":0},"f":{"0":0},"b":{"0":[0,0]},"_coverageSchema":"1a1c01bbd47fc00a2c39e90264f33305004495a9","hash":"9eaae22edc939edb7ab28bcb6825772cc70ab328"}
,"/Users/neilmosser/Desktop/FEC/project-catwalk/frontend/src/components/RatingsReviews/ReviewList.jsx": {"path":"/Users/neilmosser/Desktop/FEC/project-catwalk/frontend/src/components/RatingsReviews/ReviewList.jsx","statementMap":{"0":{"start":{"line":6,"column":19},"end":{"line":19,"column":1}},"1":{"start":{"line":8,"column":50},"end":{"line":8,"column":75}},"2":{"start":{"line":10,"column":2},"end":{"line":18,"column":4}},"3":{"start":{"line":14,"column":8},"end":{"line":14,"column":61}}},"fnMap":{"0":{"name":"(anonymous_0)","decl":{"start":{"line":6,"column":19},"end":{"line":6,"column":20}},"loc":{"start":{"line":6,"column":25},"end":{"line":19,"column":1}},"line":6},"1":{"name":"(anonymous_1)","decl":{"start":{"line":13,"column":27},"end":{"line":13,"column":28}},"loc":{"start":{"line":14,"column":8},"end":{"line":14,"column":61}},"line":14}},"branchMap":{},"s":{"0":1,"1":0,"2":0,"3":0},"f":{"0":0,"1":0},"b":{},"_coverageSchema":"1a1c01bbd47fc00a2c39e90264f33305004495a9","hash":"f07e5bbdc571d4d437f47cabb62487ad5c98db65"}
,"/Users/neilmosser/Desktop/FEC/project-catwalk/frontend/src/components/RatingsReviews/ReviewListButtons.jsx": {"path":"/Users/neilmosser/Desktop/FEC/project-catwalk/frontend/src/components/RatingsReviews/ReviewListButtons.jsx","statementMap":{"0":{"start":{"line":7,"column":26},"end":{"line":50,"column":1}},"1":{"start":{"line":10,"column":2},"end":{"line":10,"column":35}},"2":{"start":{"line":13,"column":74},"end":{"line":13,"column":99}},"3":{"start":{"line":16,"column":36},"end":{"line":16,"column":51}},"4":{"start":{"line":19,"column":34},"end":{"line":23,"column":3}},"5":{"start":{"line":20,"column":4},"end":{"line":22,"column":5}},"6":{"start":{"line":21,"column":6},"end":{"line":21,"column":58}},"7":{"start":{"line":27,"column":4},"end":{"line":29,"column":17}},"8":{"start":{"line":33,"column":2},"end":{"line":48,"column":3}},"9":{"start":{"line":34,"column":4},"end":{"line":40,"column":5}},"10":{"start":{"line":36,"column":63},"end":{"line":36,"column":88}},"11":{"start":{"line":37,"column":62},"end":{"line":37,"column":80}},"12":{"start":{"line":42,"column":4},"end":{"line":47,"column":6}},"13":{"start":{"line":44,"column":62},"end":{"line":44,"column":80}}},"fnMap":{"0":{"name":"(anonymous_0)","decl":{"start":{"line":7,"column":26},"end":{"line":7,"column":27}},"loc":{"start":{"line":7,"column":32},"end":{"line":50,"column":1}},"line":7},"1":{"name":"(anonymous_1)","decl":{"start":{"line":19,"column":34},"end":{"line":19,"column":35}},"loc":{"start":{"line":19,"column":40},"end":{"line":23,"column":3}},"line":19},"2":{"name":"(anonymous_2)","decl":{"start":{"line":36,"column":55},"end":{"line":36,"column":56}},"loc":{"start":{"line":36,"column":61},"end":{"line":36,"column":90}},"line":36},"3":{"name":"(anonymous_3)","decl":{"start":{"line":37,"column":55},"end":{"line":37,"column":56}},"loc":{"start":{"line":37,"column":61},"end":{"line":37,"column":81}},"line":37},"4":{"name":"(anonymous_4)","decl":{"start":{"line":44,"column":55},"end":{"line":44,"column":56}},"loc":{"start":{"line":44,"column":61},"end":{"line":44,"column":81}},"line":44}},"branchMap":{"0":{"loc":{"start":{"line":20,"column":4},"end":{"line":22,"column":5}},"type":"if","locations":[{"start":{"line":20,"column":4},"end":{"line":22,"column":5}},{"start":{},"end":{}}],"line":20},"1":{"loc":{"start":{"line":33,"column":2},"end":{"line":48,"column":3}},"type":"if","locations":[{"start":{"line":33,"column":2},"end":{"line":48,"column":3}},{"start":{"line":41,"column":9},"end":{"line":48,"column":3}}],"line":33}},"s":{"0":1,"1":0,"2":0,"3":0,"4":0,"5":0,"6":0,"7":0,"8":0,"9":0,"10":0,"11":0,"12":0,"13":0},"f":{"0":0,"1":0,"2":0,"3":0,"4":0},"b":{"0":[0,0],"1":[0,0]},"_coverageSchema":"1a1c01bbd47fc00a2c39e90264f33305004495a9","hash":"226d74e514cae7578676a3e9a012d6f0f8ab42b2"}
,"/Users/neilmosser/Desktop/FEC/project-catwalk/frontend/src/components/RatingsReviews/ReviewListContainer.jsx": {"path":"/Users/neilmosser/Desktop/FEC/project-catwalk/frontend/src/components/RatingsReviews/ReviewListContainer.jsx","statementMap":{"0":{"start":{"line":8,"column":28},"end":{"line":35,"column":1}},"1":{"start":{"line":10,"column":25},"end":{"line":10,"column":50}},"2":{"start":{"line":13,"column":2},"end":{"line":33,"column":3}},"3":{"start":{"line":14,"column":4},"end":{"line":18,"column":14}},"4":{"start":{"line":22,"column":4},"end":{"line":32,"column":6}}},"fnMap":{"0":{"name":"(anonymous_0)","decl":{"start":{"line":8,"column":28},"end":{"line":8,"column":29}},"loc":{"start":{"line":8,"column":34},"end":{"line":35,"column":1}},"line":8}},"branchMap":{"0":{"loc":{"start":{"line":13,"column":2},"end":{"line":33,"column":3}},"type":"if","locations":[{"start":{"line":13,"column":2},"end":{"line":33,"column":3}},{"start":{"line":20,"column":9},"end":{"line":33,"column":3}}],"line":13}},"s":{"0":1,"1":0,"2":0,"3":0,"4":0},"f":{"0":0},"b":{"0":[0,0]},"_coverageSchema":"1a1c01bbd47fc00a2c39e90264f33305004495a9","hash":"50242de619eb2835f44ee4cdb4f0175f48a90cdf"}
,"/Users/neilmosser/Desktop/FEC/project-catwalk/frontend/src/components/RatingsReviews/ReviewMetadata.jsx": {"path":"/Users/neilmosser/Desktop/FEC/project-catwalk/frontend/src/components/RatingsReviews/ReviewMetadata.jsx","statementMap":{"0":{"start":{"line":8,"column":23},"end":{"line":100,"column":1}},"1":{"start":{"line":21,"column":23},"end":{"line":21,"column":48}},"2":{"start":{"line":24,"column":26},"end":{"line":24,"column":71}},"3":{"start":{"line":25,"column":26},"end":{"line":25,"column":71}},"4":{"start":{"line":26,"column":28},"end":{"line":26,"column":75}},"5":{"start":{"line":27,"column":27},"end":{"line":27,"column":73}},"6":{"start":{"line":28,"column":27},"end":{"line":28,"column":73}},"7":{"start":{"line":31,"column":38},"end":{"line":37,"column":3}},"8":{"start":{"line":32,"column":16},"end":{"line":32,"column":49}},"9":{"start":{"line":33,"column":4},"end":{"line":33,"column":23}},"10":{"start":{"line":41,"column":2},"end":{"line":98,"column":4}},"11":{"start":{"line":56,"column":64},"end":{"line":56,"column":98}},"12":{"start":{"line":64,"column":64},"end":{"line":64,"column":98}},"13":{"start":{"line":72,"column":64},"end":{"line":72,"column":98}},"14":{"start":{"line":80,"column":64},"end":{"line":80,"column":98}},"15":{"start":{"line":88,"column":64},"end":{"line":88,"column":98}}},"fnMap":{"0":{"name":"(anonymous_0)","decl":{"start":{"line":8,"column":23},"end":{"line":8,"column":24}},"loc":{"start":{"line":8,"column":29},"end":{"line":100,"column":1}},"line":8},"1":{"name":"(anonymous_1)","decl":{"start":{"line":31,"column":38},"end":{"line":31,"column":39}},"loc":{"start":{"line":31,"column":49},"end":{"line":37,"column":3}},"line":31},"2":{"name":"(anonymous_2)","decl":{"start":{"line":56,"column":56},"end":{"line":56,"column":57}},"loc":{"start":{"line":56,"column":62},"end":{"line":56,"column":100}},"line":56},"3":{"name":"(anonymous_3)","decl":{"start":{"line":64,"column":56},"end":{"line":64,"column":57}},"loc":{"start":{"line":64,"column":62},"end":{"line":64,"column":100}},"line":64},"4":{"name":"(anonymous_4)","decl":{"start":{"line":72,"column":56},"end":{"line":72,"column":57}},"loc":{"start":{"line":72,"column":62},"end":{"line":72,"column":100}},"line":72},"5":{"name":"(anonymous_5)","decl":{"start":{"line":80,"column":56},"end":{"line":80,"column":57}},"loc":{"start":{"line":80,"column":62},"end":{"line":80,"column":100}},"line":80},"6":{"name":"(anonymous_6)","decl":{"start":{"line":88,"column":56},"end":{"line":88,"column":57}},"loc":{"start":{"line":88,"column":62},"end":{"line":88,"column":100}},"line":88}},"branchMap":{},"s":{"0":1,"1":0,"2":0,"3":0,"4":0,"5":0,"6":0,"7":0,"8":0,"9":0,"10":0,"11":0,"12":0,"13":0,"14":0,"15":0},"f":{"0":0,"1":0,"2":0,"3":0,"4":0,"5":0,"6":0},"b":{},"_coverageSchema":"1a1c01bbd47fc00a2c39e90264f33305004495a9","hash":"b1cfa8cb30875e81b6c0dd7dfdfe50a9964ac1cf"}
,"/Users/neilmosser/Desktop/FEC/project-catwalk/frontend/src/components/RatingsReviews/ReviewParent.jsx": {"path":"/Users/neilmosser/Desktop/FEC/project-catwalk/frontend/src/components/RatingsReviews/ReviewParent.jsx","statementMap":{"0":{"start":{"line":9,"column":21},"end":{"line":166,"column":1}},"1":{"start":{"line":14,"column":24},"end":{"line":14,"column":49}},"2":{"start":{"line":17,"column":36},"end":{"line":17,"column":47}},"3":{"start":{"line":18,"column":42},"end":{"line":18,"column":53}},"4":{"start":{"line":20,"column":36},"end":{"line":20,"column":47}},"5":{"start":{"line":21,"column":50},"end":{"line":21,"column":61}},"6":{"start":{"line":22,"column":46},"end":{"line":22,"column":57}},"7":{"start":{"line":23,"column":46},"end":{"line":23,"column":57}},"8":{"start":{"line":24,"column":50},"end":{"line":24,"column":61}},"9":{"start":{"line":25,"column":48},"end":{"line":25,"column":59}},"10":{"start":{"line":26,"column":48},"end":{"line":26,"column":59}},"11":{"start":{"line":27,"column":48},"end":{"line":27,"column":60}},"12":{"start":{"line":29,"column":38},"end":{"line":29,"column":50}},"13":{"start":{"line":30,"column":60},"end":{"line":30,"column":71}},"14":{"start":{"line":31,"column":46},"end":{"line":31,"column":58}},"15":{"start":{"line":32,"column":30},"end":{"line":32,"column":50}},"16":{"start":{"line":35,"column":40},"end":{"line":83,"column":3}},"17":{"start":{"line":36,"column":4},"end":{"line":82,"column":5}},"18":{"start":{"line":37,"column":6},"end":{"line":81,"column":9}},"19":{"start":{"line":42,"column":8},"end":{"line":42,"column":38}},"20":{"start":{"line":43,"column":8},"end":{"line":43,"column":49}},"21":{"start":{"line":44,"column":8},"end":{"line":44,"column":56}},"22":{"start":{"line":45,"column":8},"end":{"line":45,"column":56}},"23":{"start":{"line":46,"column":8},"end":{"line":46,"column":58}},"24":{"start":{"line":47,"column":8},"end":{"line":47,"column":57}},"25":{"start":{"line":48,"column":8},"end":{"line":48,"column":57}},"26":{"start":{"line":50,"column":18},"end":{"line":50,"column":52}},"27":{"start":{"line":51,"column":21},"end":{"line":51,"column":56}},"28":{"start":{"line":52,"column":8},"end":{"line":58,"column":9}},"29":{"start":{"line":53,"column":10},"end":{"line":53,"column":35}},"30":{"start":{"line":54,"column":15},"end":{"line":58,"column":9}},"31":{"start":{"line":55,"column":10},"end":{"line":55,"column":33}},"32":{"start":{"line":57,"column":10},"end":{"line":57,"column":83}},"33":{"start":{"line":60,"column":22},"end":{"line":60,"column":50}},"34":{"start":{"line":61,"column":22},"end":{"line":61,"column":50}},"35":{"start":{"line":62,"column":24},"end":{"line":62,"column":52}},"36":{"start":{"line":63,"column":23},"end":{"line":63,"column":51}},"37":{"start":{"line":64,"column":23},"end":{"line":64,"column":51}},"38":{"start":{"line":65,"column":25},"end":{"line":65,"column":84}},"39":{"start":{"line":66,"column":23},"end":{"line":66,"column":74}},"40":{"start":{"line":67,"column":8},"end":{"line":67,"column":34}},"41":{"start":{"line":69,"column":8},"end":{"line":73,"column":9}},"42":{"start":{"line":70,"column":10},"end":{"line":70,"column":26}},"43":{"start":{"line":72,"column":10},"end":{"line":72,"column":69}},"44":{"start":{"line":77,"column":8},"end":{"line":77,"column":30}},"45":{"start":{"line":80,"column":8},"end":{"line":80,"column":63}},"46":{"start":{"line":86,"column":30},"end":{"line":97,"column":3}},"47":{"start":{"line":87,"column":4},"end":{"line":96,"column":5}},"48":{"start":{"line":88,"column":6},"end":{"line":95,"column":9}},"49":{"start":{"line":91,"column":8},"end":{"line":91,"column":36}},"50":{"start":{"line":94,"column":8},"end":{"line":94,"column":61}},"51":{"start":{"line":100,"column":2},"end":{"line":103,"column":20}},"52":{"start":{"line":101,"column":4},"end":{"line":101,"column":32}},"53":{"start":{"line":102,"column":4},"end":{"line":102,"column":36}},"54":{"start":{"line":106,"column":2},"end":{"line":109,"column":19}},"55":{"start":{"line":107,"column":4},"end":{"line":107,"column":46}},"56":{"start":{"line":108,"column":4},"end":{"line":108,"column":32}},"57":{"start":{"line":112,"column":2},"end":{"line":116,"column":30}},"58":{"start":{"line":113,"column":4},"end":{"line":115,"column":5}},"59":{"start":{"line":114,"column":6},"end":{"line":114,"column":68}},"60":{"start":{"line":119,"column":2},"end":{"line":121,"column":15}},"61":{"start":{"line":120,"column":4},"end":{"line":120,"column":26}},"62":{"start":{"line":125,"column":2},"end":{"line":164,"column":3}},"63":{"start":{"line":126,"column":4},"end":{"line":126,"column":60}},"64":{"start":{"line":130,"column":4},"end":{"line":163,"column":6}}},"fnMap":{"0":{"name":"(anonymous_0)","decl":{"start":{"line":9,"column":21},"end":{"line":9,"column":22}},"loc":{"start":{"line":9,"column":27},"end":{"line":166,"column":1}},"line":9},"1":{"name":"(anonymous_1)","decl":{"start":{"line":35,"column":40},"end":{"line":35,"column":41}},"loc":{"start":{"line":35,"column":46},"end":{"line":83,"column":3}},"line":35},"2":{"name":"(anonymous_2)","decl":{"start":{"line":39,"column":13},"end":{"line":39,"column":14}},"loc":{"start":{"line":39,"column":25},"end":{"line":75,"column":7}},"line":39},"3":{"name":"(anonymous_3)","decl":{"start":{"line":76,"column":13},"end":{"line":76,"column":14}},"loc":{"start":{"line":76,"column":19},"end":{"line":78,"column":7}},"line":76},"4":{"name":"(anonymous_4)","decl":{"start":{"line":79,"column":14},"end":{"line":79,"column":15}},"loc":{"start":{"line":79,"column":23},"end":{"line":81,"column":7}},"line":79},"5":{"name":"(anonymous_5)","decl":{"start":{"line":86,"column":30},"end":{"line":86,"column":31}},"loc":{"start":{"line":86,"column":36},"end":{"line":97,"column":3}},"line":86},"6":{"name":"(anonymous_6)","decl":{"start":{"line":90,"column":13},"end":{"line":90,"column":14}},"loc":{"start":{"line":90,"column":25},"end":{"line":92,"column":7}},"line":90},"7":{"name":"(anonymous_7)","decl":{"start":{"line":93,"column":14},"end":{"line":93,"column":15}},"loc":{"start":{"line":93,"column":23},"end":{"line":95,"column":7}},"line":93},"8":{"name":"(anonymous_8)","decl":{"start":{"line":100,"column":13},"end":{"line":100,"column":14}},"loc":{"start":{"line":100,"column":19},"end":{"line":103,"column":3}},"line":100},"9":{"name":"(anonymous_9)","decl":{"start":{"line":106,"column":13},"end":{"line":106,"column":14}},"loc":{"start":{"line":106,"column":19},"end":{"line":109,"column":3}},"line":106},"10":{"name":"(anonymous_10)","decl":{"start":{"line":112,"column":13},"end":{"line":112,"column":14}},"loc":{"start":{"line":112,"column":19},"end":{"line":116,"column":3}},"line":112},"11":{"name":"(anonymous_11)","decl":{"start":{"line":119,"column":13},"end":{"line":119,"column":14}},"loc":{"start":{"line":119,"column":19},"end":{"line":121,"column":3}},"line":119}},"branchMap":{"0":{"loc":{"start":{"line":36,"column":4},"end":{"line":82,"column":5}},"type":"if","locations":[{"start":{"line":36,"column":4},"end":{"line":82,"column":5}},{"start":{},"end":{}}],"line":36},"1":{"loc":{"start":{"line":44,"column":26},"end":{"line":44,"column":54}},"type":"binary-expr","locations":[{"start":{"line":44,"column":26},"end":{"line":44,"column":49}},{"start":{"line":44,"column":53},"end":{"line":44,"column":54}}],"line":44},"2":{"loc":{"start":{"line":45,"column":26},"end":{"line":45,"column":54}},"type":"binary-expr","locations":[{"start":{"line":45,"column":26},"end":{"line":45,"column":49}},{"start":{"line":45,"column":53},"end":{"line":45,"column":54}}],"line":45},"3":{"loc":{"start":{"line":46,"column":28},"end":{"line":46,"column":56}},"type":"binary-expr","locations":[{"start":{"line":46,"column":28},"end":{"line":46,"column":51}},{"start":{"line":46,"column":55},"end":{"line":46,"column":56}}],"line":46},"4":{"loc":{"start":{"line":47,"column":27},"end":{"line":47,"column":55}},"type":"binary-expr","locations":[{"start":{"line":47,"column":27},"end":{"line":47,"column":50}},{"start":{"line":47,"column":54},"end":{"line":47,"column":55}}],"line":47},"5":{"loc":{"start":{"line":48,"column":27},"end":{"line":48,"column":55}},"type":"binary-expr","locations":[{"start":{"line":48,"column":27},"end":{"line":48,"column":50}},{"start":{"line":48,"column":54},"end":{"line":48,"column":55}}],"line":48},"6":{"loc":{"start":{"line":50,"column":18},"end":{"line":50,"column":52}},"type":"binary-expr","locations":[{"start":{"line":50,"column":18},"end":{"line":50,"column":47}},{"start":{"line":50,"column":51},"end":{"line":50,"column":52}}],"line":50},"7":{"loc":{"start":{"line":51,"column":21},"end":{"line":51,"column":56}},"type":"binary-expr","locations":[{"start":{"line":51,"column":21},"end":{"line":51,"column":51}},{"start":{"line":51,"column":55},"end":{"line":51,"column":56}}],"line":51},"8":{"loc":{"start":{"line":52,"column":8},"end":{"line":58,"column":9}},"type":"if","locations":[{"start":{"line":52,"column":8},"end":{"line":58,"column":9}},{"start":{"line":54,"column":15},"end":{"line":58,"column":9}}],"line":52},"9":{"loc":{"start":{"line":52,"column":12},"end":{"line":52,"column":35}},"type":"binary-expr","locations":[{"start":{"line":52,"column":12},"end":{"line":52,"column":24}},{"start":{"line":52,"column":28},"end":{"line":52,"column":35}}],"line":52},"10":{"loc":{"start":{"line":54,"column":15},"end":{"line":58,"column":9}},"type":"if","locations":[{"start":{"line":54,"column":15},"end":{"line":58,"column":9}},{"start":{"line":56,"column":15},"end":{"line":58,"column":9}}],"line":54},"11":{"loc":{"start":{"line":60,"column":22},"end":{"line":60,"column":50}},"type":"binary-expr","locations":[{"start":{"line":60,"column":22},"end":{"line":60,"column":45}},{"start":{"line":60,"column":49},"end":{"line":60,"column":50}}],"line":60},"12":{"loc":{"start":{"line":61,"column":22},"end":{"line":61,"column":50}},"type":"binary-expr","locations":[{"start":{"line":61,"column":22},"end":{"line":61,"column":45}},{"start":{"line":61,"column":49},"end":{"line":61,"column":50}}],"line":61},"13":{"loc":{"start":{"line":62,"column":24},"end":{"line":62,"column":52}},"type":"binary-expr","locations":[{"start":{"line":62,"column":24},"end":{"line":62,"column":47}},{"start":{"line":62,"column":51},"end":{"line":62,"column":52}}],"line":62},"14":{"loc":{"start":{"line":63,"column":23},"end":{"line":63,"column":51}},"type":"binary-expr","locations":[{"start":{"line":63,"column":23},"end":{"line":63,"column":46}},{"start":{"line":63,"column":50},"end":{"line":63,"column":51}}],"line":63},"15":{"loc":{"start":{"line":64,"column":23},"end":{"line":64,"column":51}},"type":"binary-expr","locations":[{"start":{"line":64,"column":23},"end":{"line":64,"column":46}},{"start":{"line":64,"column":50},"end":{"line":64,"column":51}}],"line":64},"16":{"loc":{"start":{"line":69,"column":8},"end":{"line":73,"column":9}},"type":"if","locations":[{"start":{"line":69,"column":8},"end":{"line":73,"column":9}},{"start":{"line":71,"column":15},"end":{"line":73,"column":9}}],"line":69},"17":{"loc":{"start":{"line":87,"column":4},"end":{"line":96,"column":5}},"type":"if","locations":[{"start":{"line":87,"column":4},"end":{"line":96,"column":5}},{"start":{},"end":{}}],"line":87},"18":{"loc":{"start":{"line":113,"column":4},"end":{"line":115,"column":5}},"type":"if","locations":[{"start":{"line":113,"column":4},"end":{"line":115,"column":5}},{"start":{},"end":{}}],"line":113},"19":{"loc":{"start":{"line":125,"column":2},"end":{"line":164,"column":3}},"type":"if","locations":[{"start":{"line":125,"column":2},"end":{"line":164,"column":3}},{"start":{"line":128,"column":9},"end":{"line":164,"column":3}}],"line":125}},"s":{"0":1,"1":0,"2":0,"3":0,"4":0,"5":0,"6":0,"7":0,"8":0,"9":0,"10":0,"11":0,"12":0,"13":0,"14":0,"15":0,"16":0,"17":0,"18":0,"19":0,"20":0,"21":0,"22":0,"23":0,"24":0,"25":0,"26":0,"27":0,"28":0,"29":0,"30":0,"31":0,"32":0,"33":0,"34":0,"35":0,"36":0,"37":0,"38":0,"39":0,"40":0,"41":0,"42":0,"43":0,"44":0,"45":0,"46":0,"47":0,"48":0,"49":0,"50":0,"51":0,"52":0,"53":0,"54":0,"55":0,"56":0,"57":0,"58":0,"59":0,"60":0,"61":0,"62":0,"63":0,"64":0},"f":{"0":0,"1":0,"2":0,"3":0,"4":0,"5":0,"6":0,"7":0,"8":0,"9":0,"10":0,"11":0},"b":{"0":[0,0],"1":[0,0],"2":[0,0],"3":[0,0],"4":[0,0],"5":[0,0],"6":[0,0],"7":[0,0],"8":[0,0],"9":[0,0],"10":[0,0],"11":[0,0],"12":[0,0],"13":[0,0],"14":[0,0],"15":[0,0],"16":[0,0],"17":[0,0],"18":[0,0],"19":[0,0]},"_coverageSchema":"1a1c01bbd47fc00a2c39e90264f33305004495a9","hash":"3ba6f1f39c88bb24f802a7f8a897c35eedc72d92"}
,"/Users/neilmosser/Desktop/FEC/project-catwalk/frontend/src/components/RatingsReviews/ReviewPostForm.jsx": {"path":"/Users/neilmosser/Desktop/FEC/project-catwalk/frontend/src/components/RatingsReviews/ReviewPostForm.jsx","statementMap":{"0":{"start":{"line":6,"column":23},"end":{"line":337,"column":1}},"1":{"start":{"line":9,"column":24},"end":{"line":9,"column":49}},"2":{"start":{"line":10,"column":49},"end":{"line":10,"column":74}},"3":{"start":{"line":13,"column":44},"end":{"line":13,"column":58}},"4":{"start":{"line":14,"column":40},"end":{"line":14,"column":54}},"5":{"start":{"line":15,"column":26},"end":{"line":15,"column":40}},"6":{"start":{"line":16,"column":28},"end":{"line":16,"column":42}},"7":{"start":{"line":17,"column":32},"end":{"line":17,"column":46}},"8":{"start":{"line":18,"column":32},"end":{"line":18,"column":46}},"9":{"start":{"line":19,"column":30},"end":{"line":19,"column":44}},"10":{"start":{"line":20,"column":24},"end":{"line":20,"column":38}},"11":{"start":{"line":21,"column":32},"end":{"line":21,"column":44}},"12":{"start":{"line":22,"column":26},"end":{"line":22,"column":38}},"13":{"start":{"line":23,"column":30},"end":{"line":23,"column":60}},"14":{"start":{"line":24,"column":34},"end":{"line":24,"column":46}},"15":{"start":{"line":25,"column":28},"end":{"line":25,"column":40}},"16":{"start":{"line":26,"column":38},"end":{"line":26,"column":50}},"17":{"start":{"line":30,"column":28},"end":{"line":30,"column":30}},"18":{"start":{"line":32,"column":15},"end":{"line":39,"column":3}},"19":{"start":{"line":41,"column":2},"end":{"line":56,"column":3}},"20":{"start":{"line":42,"column":4},"end":{"line":55,"column":5}},"21":{"start":{"line":46,"column":33},"end":{"line":46,"column":62}},"22":{"start":{"line":60,"column":2},"end":{"line":64,"column":3}},"23":{"start":{"line":61,"column":4},"end":{"line":61,"column":117}},"24":{"start":{"line":63,"column":4},"end":{"line":63,"column":61}},"25":{"start":{"line":68,"column":2},"end":{"line":74,"column":3}},"26":{"start":{"line":69,"column":4},"end":{"line":69,"column":35}},"27":{"start":{"line":71,"column":4},"end":{"line":73,"column":7}},"28":{"start":{"line":72,"column":6},"end":{"line":72,"column":64}},"29":{"start":{"line":78,"column":32},"end":{"line":80,"column":3}},"30":{"start":{"line":79,"column":4},"end":{"line":79,"column":41}},"31":{"start":{"line":83,"column":30},"end":{"line":89,"column":3}},"32":{"start":{"line":84,"column":4},"end":{"line":88,"column":5}},"33":{"start":{"line":85,"column":6},"end":{"line":85,"column":27}},"34":{"start":{"line":87,"column":6},"end":{"line":87,"column":28}},"35":{"start":{"line":92,"column":33},"end":{"line":109,"column":3}},"36":{"start":{"line":94,"column":4},"end":{"line":108,"column":5}},"37":{"start":{"line":95,"column":6},"end":{"line":95,"column":34}},"38":{"start":{"line":96,"column":11},"end":{"line":108,"column":5}},"39":{"start":{"line":97,"column":6},"end":{"line":97,"column":35}},"40":{"start":{"line":98,"column":11},"end":{"line":108,"column":5}},"41":{"start":{"line":99,"column":6},"end":{"line":99,"column":37}},"42":{"start":{"line":100,"column":11},"end":{"line":108,"column":5}},"43":{"start":{"line":101,"column":6},"end":{"line":101,"column":37}},"44":{"start":{"line":102,"column":11},"end":{"line":108,"column":5}},"45":{"start":{"line":103,"column":6},"end":{"line":103,"column":36}},"46":{"start":{"line":104,"column":11},"end":{"line":108,"column":5}},"47":{"start":{"line":105,"column":6},"end":{"line":105,"column":33}},"48":{"start":{"line":107,"column":6},"end":{"line":107,"column":47}},"49":{"start":{"line":112,"column":26},"end":{"line":114,"column":3}},"50":{"start":{"line":113,"column":4},"end":{"line":113,"column":35}},"51":{"start":{"line":117,"column":23},"end":{"line":119,"column":3}},"52":{"start":{"line":118,"column":4},"end":{"line":118,"column":32}},"53":{"start":{"line":122,"column":25},"end":{"line":126,"column":3}},"54":{"start":{"line":123,"column":14},"end":{"line":123,"column":28}},"55":{"start":{"line":124,"column":4},"end":{"line":124,"column":58}},"56":{"start":{"line":125,"column":4},"end":{"line":125,"column":19}},"57":{"start":{"line":129,"column":27},"end":{"line":131,"column":3}},"58":{"start":{"line":130,"column":4},"end":{"line":130,"column":36}},"59":{"start":{"line":134,"column":24},"end":{"line":136,"column":3}},"60":{"start":{"line":135,"column":4},"end":{"line":135,"column":33}},"61":{"start":{"line":139,"column":21},"end":{"line":191,"column":3}},"62":{"start":{"line":142,"column":21},"end":{"line":142,"column":23}},"63":{"start":{"line":143,"column":4},"end":{"line":143,"column":43}},"64":{"start":{"line":144,"column":4},"end":{"line":144,"column":46}},"65":{"start":{"line":145,"column":4},"end":{"line":145,"column":33}},"66":{"start":{"line":146,"column":4},"end":{"line":146,"column":27}},"67":{"start":{"line":147,"column":4},"end":{"line":147,"column":39}},"68":{"start":{"line":148,"column":4},"end":{"line":148,"column":31}},"69":{"start":{"line":149,"column":4},"end":{"line":149,"column":29}},"70":{"start":{"line":152,"column":20},"end":{"line":152,"column":22}},"71":{"start":{"line":153,"column":4},"end":{"line":157,"column":5}},"72":{"start":{"line":153,"column":17},"end":{"line":153,"column":18}},"73":{"start":{"line":154,"column":6},"end":{"line":156,"column":7}},"74":{"start":{"line":155,"column":8},"end":{"line":155,"column":34}},"75":{"start":{"line":158,"column":4},"end":{"line":158,"column":42}},"76":{"start":{"line":161,"column":29},"end":{"line":161,"column":31}},"77":{"start":{"line":162,"column":32},"end":{"line":162,"column":76}},"78":{"start":{"line":164,"column":4},"end":{"line":168,"column":5}},"79":{"start":{"line":165,"column":6},"end":{"line":167,"column":7}},"80":{"start":{"line":166,"column":8},"end":{"line":166,"column":89}},"81":{"start":{"line":169,"column":4},"end":{"line":169,"column":52}},"82":{"start":{"line":173,"column":27},"end":{"line":173,"column":45}},"83":{"start":{"line":175,"column":4},"end":{"line":190,"column":5}},"84":{"start":{"line":178,"column":6},"end":{"line":186,"column":10}},"85":{"start":{"line":181,"column":10},"end":{"line":181,"column":36}},"86":{"start":{"line":182,"column":10},"end":{"line":182,"column":32}},"87":{"start":{"line":185,"column":10},"end":{"line":185,"column":71}},"88":{"start":{"line":189,"column":6},"end":{"line":189,"column":38}},"89":{"start":{"line":194,"column":27},"end":{"line":243,"column":3}},"90":{"start":{"line":197,"column":17},"end":{"line":197,"column":19}},"91":{"start":{"line":200,"column":4},"end":{"line":202,"column":5}},"92":{"start":{"line":201,"column":6},"end":{"line":201,"column":56}},"93":{"start":{"line":203,"column":4},"end":{"line":205,"column":5}},"94":{"start":{"line":204,"column":6},"end":{"line":204,"column":86}},"95":{"start":{"line":206,"column":4},"end":{"line":208,"column":5}},"96":{"start":{"line":207,"column":6},"end":{"line":207,"column":51}},"97":{"start":{"line":209,"column":4},"end":{"line":211,"column":5}},"98":{"start":{"line":210,"column":6},"end":{"line":210,"column":52}},"99":{"start":{"line":212,"column":4},"end":{"line":214,"column":5}},"100":{"start":{"line":213,"column":6},"end":{"line":213,"column":54}},"101":{"start":{"line":215,"column":4},"end":{"line":217,"column":5}},"102":{"start":{"line":216,"column":6},"end":{"line":216,"column":54}},"103":{"start":{"line":218,"column":4},"end":{"line":220,"column":5}},"104":{"start":{"line":219,"column":6},"end":{"line":219,"column":53}},"105":{"start":{"line":221,"column":4},"end":{"line":223,"column":5}},"106":{"start":{"line":222,"column":6},"end":{"line":222,"column":50}},"107":{"start":{"line":224,"column":4},"end":{"line":226,"column":5}},"108":{"start":{"line":225,"column":6},"end":{"line":225,"column":48}},"109":{"start":{"line":227,"column":4},"end":{"line":229,"column":5}},"110":{"start":{"line":228,"column":6},"end":{"line":228,"column":77}},"111":{"start":{"line":230,"column":4},"end":{"line":232,"column":5}},"112":{"start":{"line":231,"column":6},"end":{"line":231,"column":49}},"113":{"start":{"line":233,"column":4},"end":{"line":235,"column":5}},"114":{"start":{"line":234,"column":6},"end":{"line":234,"column":52}},"115":{"start":{"line":238,"column":4},"end":{"line":242,"column":5}},"116":{"start":{"line":239,"column":6},"end":{"line":239,"column":18}},"117":{"start":{"line":241,"column":6},"end":{"line":241,"column":20}},"118":{"start":{"line":247,"column":2},"end":{"line":335,"column":4}},"119":{"start":{"line":330,"column":33},"end":{"line":330,"column":58}}},"fnMap":{"0":{"name":"(anonymous_0)","decl":{"start":{"line":6,"column":23},"end":{"line":6,"column":24}},"loc":{"start":{"line":6,"column":34},"end":{"line":337,"column":1}},"line":6},"1":{"name":"(anonymous_1)","decl":{"start":{"line":46,"column":26},"end":{"line":46,"column":27}},"loc":{"start":{"line":46,"column":32},"end":{"line":46,"column":63}},"line":46},"2":{"name":"(anonymous_2)","decl":{"start":{"line":71,"column":37},"end":{"line":71,"column":38}},"loc":{"start":{"line":72,"column":6},"end":{"line":72,"column":64}},"line":72},"3":{"name":"(anonymous_3)","decl":{"start":{"line":78,"column":32},"end":{"line":78,"column":33}},"loc":{"start":{"line":78,"column":43},"end":{"line":80,"column":3}},"line":78},"4":{"name":"(anonymous_4)","decl":{"start":{"line":83,"column":30},"end":{"line":83,"column":31}},"loc":{"start":{"line":83,"column":41},"end":{"line":89,"column":3}},"line":83},"5":{"name":"(anonymous_5)","decl":{"start":{"line":92,"column":33},"end":{"line":92,"column":34}},"loc":{"start":{"line":92,"column":44},"end":{"line":109,"column":3}},"line":92},"6":{"name":"(anonymous_6)","decl":{"start":{"line":112,"column":26},"end":{"line":112,"column":27}},"loc":{"start":{"line":112,"column":37},"end":{"line":114,"column":3}},"line":112},"7":{"name":"(anonymous_7)","decl":{"start":{"line":117,"column":23},"end":{"line":117,"column":24}},"loc":{"start":{"line":117,"column":34},"end":{"line":119,"column":3}},"line":117},"8":{"name":"(anonymous_8)","decl":{"start":{"line":122,"column":25},"end":{"line":122,"column":26}},"loc":{"start":{"line":122,"column":36},"end":{"line":126,"column":3}},"line":122},"9":{"name":"(anonymous_9)","decl":{"start":{"line":129,"column":27},"end":{"line":129,"column":28}},"loc":{"start":{"line":129,"column":38},"end":{"line":131,"column":3}},"line":129},"10":{"name":"(anonymous_10)","decl":{"start":{"line":134,"column":24}
[...]
0},"end":{"line":11,"column":52}},"4":{"start":{"line":12,"column":52},"end":{"line":12,"column":64}},"5":{"start":{"line":13,"column":46},"end":{"line":13,"column":58}},"6":{"start":{"line":14,"column":38},"end":{"line":16,"column":5}},"7":{"start":{"line":18,"column":16},"end":{"line":18,"column":18}},"8":{"start":{"line":19,"column":18},"end":{"line":19,"column":20}},"9":{"start":{"line":20,"column":20},"end":{"line":20,"column":22}},"10":{"start":{"line":21,"column":19},"end":{"line":21,"column":21}},"11":{"start":{"line":23,"column":2},"end":{"line":66,"column":9}},"12":{"start":{"line":24,"column":25},"end":{"line":24,"column":27}},"13":{"start":{"line":25,"column":31},"end":{"line":25,"column":33}},"14":{"start":{"line":26,"column":28},"end":{"line":26,"column":30}},"15":{"start":{"line":27,"column":4},"end":{"line":28,"column":41}},"16":{"start":{"line":28,"column":19},"end":{"line":28,"column":37}},"17":{"start":{"line":29,"column":4},"end":{"line":65,"column":7}},"18":{"start":{"line":30,"column":6},"end":{"line":36,"column":9}},"19":{"start":{"line":31,"column":8},"end":{"line":35,"column":9}},"20":{"start":{"line":32,"column":10},"end":{"line":32,"column":109}},"21":{"start":{"line":32,"column":86},"end":{"line":32,"column":104}},"22":{"start":{"line":33,"column":10},"end":{"line":33,"column":104}},"23":{"start":{"line":33,"column":81},"end":{"line":33,"column":99}},"24":{"start":{"line":34,"column":10},"end":{"line":34,"column":77}},"25":{"start":{"line":38,"column":6},"end":{"line":41,"column":9}},"26":{"start":{"line":39,"column":8},"end":{"line":39,"column":37}},"27":{"start":{"line":40,"column":8},"end":{"line":40,"column":39}},"28":{"start":{"line":42,"column":6},"end":{"line":45,"column":9}},"29":{"start":{"line":43,"column":8},"end":{"line":43,"column":43}},"30":{"start":{"line":44,"column":8},"end":{"line":44,"column":51}},"31":{"start":{"line":46,"column":6},"end":{"line":64,"column":9}},"32":{"start":{"line":47,"column":26},"end":{"line":47,"column":28}},"33":{"start":{"line":48,"column":8},"end":{"line":63,"column":10}},"34":{"start":{"line":49,"column":22},"end":{"line":49,"column":55}},"35":{"start":{"line":50,"column":22},"end":{"line":50,"column":55}},"36":{"start":{"line":51,"column":24},"end":{"line":51,"column":57}},"37":{"start":{"line":52,"column":23},"end":{"line":52,"column":56}},"38":{"start":{"line":53,"column":23},"end":{"line":53,"column":56}},"39":{"start":{"line":54,"column":25},"end":{"line":54,"column":84}},"40":{"start":{"line":55,"column":23},"end":{"line":55,"column":74}},"41":{"start":{"line":56,"column":8},"end":{"line":60,"column":9}},"42":{"start":{"line":57,"column":10},"end":{"line":57,"column":40}},"43":{"start":{"line":59,"column":10},"end":{"line":59,"column":82}},"44":{"start":{"line":61,"column":8},"end":{"line":61,"column":39}},"45":{"start":{"line":68,"column":2},"end":{"line":70,"column":3}},"46":{"start":{"line":69,"column":4},"end":{"line":69,"column":15}},"47":{"start":{"line":72,"column":2},"end":{"line":74,"column":3}},"48":{"start":{"line":73,"column":4},"end":{"line":73,"column":29}},"49":{"start":{"line":76,"column":2},"end":{"line":78,"column":3}},"50":{"start":{"line":77,"column":4},"end":{"line":77,"column":15}},"51":{"start":{"line":80,"column":2},"end":{"line":82,"column":3}},"52":{"start":{"line":81,"column":4},"end":{"line":81,"column":29}},"53":{"start":{"line":84,"column":2},"end":{"line":95,"column":4}}},"fnMap":{"0":{"name":"(anonymous_0)","decl":{"start":{"line":8,"column":16},"end":{"line":8,"column":17}},"loc":{"start":{"line":8,"column":22},"end":{"line":96,"column":1}},"line":8},"1":{"name":"(anonymous_1)","decl":{"start":{"line":23,"column":12},"end":{"line":23,"column":13}},"loc":{"start":{"line":23,"column":18},"end":{"line":66,"column":3}},"line":23},"2":{"name":"(anonymous_2)","decl":{"start":{"line":28,"column":6},"end":{"line":28,"column":7}},"loc":{"start":{"line":28,"column":18},"end":{"line":28,"column":38}},"line":28},"3":{"name":"(anonymous_3)","decl":{"start":{"line":29,"column":30},"end":{"line":29,"column":31}},"loc":{"start":{"line":29,"column":42},"end":{"line":37,"column":5}},"line":29},"4":{"name":"(anonymous_4)","decl":{"start":{"line":30,"column":24},"end":{"line":30,"column":25}},"loc":{"start":{"line":30,"column":41},"end":{"line":36,"column":7}},"line":30},"5":{"name":"(anonymous_5)","decl":{"start":{"line":32,"column":72},"end":{"line":32,"column":73}},"loc":{"start":{"line":32,"column":84},"end":{"line":32,"column":106}},"line":32},"6":{"name":"(anonymous_6)","decl":{"start":{"line":33,"column":67},"end":{"line":33,"column":68}},"loc":{"start":{"line":33,"column":79},"end":{"line":33,"column":101}},"line":33},"7":{"name":"(anonymous_7)","decl":{"start":{"line":37,"column":12},"end":{"line":37,"column":13}},"loc":{"start":{"line":37,"column":18},"end":{"line":65,"column":5}},"line":37},"8":{"name":"(anonymous_8)","decl":{"start":{"line":38,"column":34},"end":{"line":38,"column":35}},"loc":{"start":{"line":38,"column":47},"end":{"line":41,"column":7}},"line":38},"9":{"name":"(anonymous_9)","decl":{"start":{"line":42,"column":36},"end":{"line":42,"column":37}},"loc":{"start":{"line":42,"column":49},"end":{"line":45,"column":7}},"line":42},"10":{"name":"(anonymous_10)","decl":{"start":{"line":46,"column":35},"end":{"line":46,"column":36}},"loc":{"start":{"line":46,"column":48},"end":{"line":64,"column":7}},"line":46},"11":{"name":"(anonymous_11)","decl":{"start":{"line":48,"column":24},"end":{"line":48,"column":25}},"loc":{"start":{"line":48,"column":41},"end":{"line":63,"column":9}},"line":48}},"branchMap":{"0":{"loc":{"start":{"line":31,"column":8},"end":{"line":35,"column":9}},"type":"if","locations":[{"start":{"line":31,"column":8},"end":{"line":35,"column":9}},{"start":{},"end":{}}],"line":31},"1":{"loc":{"start":{"line":49,"column":22},"end":{"line":49,"column":55}},"type":"binary-expr","locations":[{"start":{"line":49,"column":22},"end":{"line":49,"column":50}},{"start":{"line":49,"column":54},"end":{"line":49,"column":55}}],"line":49},"2":{"loc":{"start":{"line":50,"column":22},"end":{"line":50,"column":55}},"type":"binary-expr","locations":[{"start":{"line":50,"column":22},"end":{"line":50,"column":50}},{"start":{"line":50,"column":54},"end":{"line":50,"column":55}}],"line":50},"3":{"loc":{"start":{"line":51,"column":24},"end":{"line":51,"column":57}},"type":"binary-expr","locations":[{"start":{"line":51,"column":24},"end":{"line":51,"column":52}},{"start":{"line":51,"column":56},"end":{"line":51,"column":57}}],"line":51},"4":{"loc":{"start":{"line":52,"column":23},"end":{"line":52,"column":56}},"type":"binary-expr","locations":[{"start":{"line":52,"column":23},"end":{"line":52,"column":51}},{"start":{"line":52,"column":55},"end":{"line":52,"column":56}}],"line":52},"5":{"loc":{"start":{"line":53,"column":23},"end":{"line":53,"column":56}},"type":"binary-expr","locations":[{"start":{"line":53,"column":23},"end":{"line":53,"column":51}},{"start":{"line":53,"column":55},"end":{"line":53,"column":56}}],"line":53},"6":{"loc":{"start":{"line":56,"column":8},"end":{"line":60,"column":9}},"type":"if","locations":[{"start":{"line":56,"column":8},"end":{"line":60,"column":9}},{"start":{"line":58,"column":15},"end":{"line":60,"column":9}}],"line":56},"7":{"loc":{"start":{"line":68,"column":2},"end":{"line":70,"column":3}},"type":"if","locations":[{"start":{"line":68,"column":2},"end":{"line":70,"column":3}},{"start":{},"end":{}}],"line":68},"8":{"loc":{"start":{"line":72,"column":2},"end":{"line":74,"column":3}},"type":"if","locations":[{"start":{"line":72,"column":2},"end":{"line":74,"column":3}},{"start":{},"end":{}}],"line":72},"9":{"loc":{"start":{"line":76,"column":2},"end":{"line":78,"column":3}},"type":"if","locations":[{"start":{"line":76,"column":2},"end":{"line":78,"column":3}},{"start":{},"end":{}}],"line":76},"10":{"loc":{"start":{"line":80,"column":2},"end":{"line":82,"column":3}},"type":"if","locations":[{"start":{"line":80,"column":2},"end":{"line":82,"column":3}},{"start":{},"end":{}}],"line":80}},"s":{"0":1,"1":0,"2":0,"3":0,"4":0,"5":0,"6":0,"7":0,"8":0,"9":0,"10":0,"11":0,"12":0,"13":0,"14":0,"15":0,"16":0,"17":0,"18":0,"19":0,"20":0,"21":0,"22":0,"23":0,"24":0,"25":0,"26":0,"27":0,"28":0,"29":0,"30":0,"31":0,"32":0,"33":0,"34":0,"35":0,"36":0,"37":0,"38":0,"39":0,"40":0,"41":0,"42":0,"43":0,"44":0,"45":0,"46":0,"47":0,"48":0,"49":0,"50":0,"51":0,"52":0,"53":0},"f":{"0":0,"1":0,"2":0,"3":0,"4":0,"5":0,"6":0,"7":0,"8":0,"9":0,"10":0,"11":0},"b":{"0":[0,0],"1":[0,0],"2":[0,0],"3":[0,0],"4":[0,0],"5":[0,0],"6":[0,0],"7":[0,0],"8":[0,0],"9":[0,0],"10":[0,0]},"_coverageSchema":"1a1c01bbd47fc00a2c39e90264f33305004495a9","hash":"0755520bd817ae31487af5656e0b41438f04b1d6"}
,"/Users/neilmosser/Desktop/FEC/project-catwalk/frontend/src/components/RelatedItems/RelatedCard.jsx": {"path":"/Users/neilmosser/Desktop/FEC/project-catwalk/frontend/src/components/RelatedItems/RelatedCard.jsx","statementMap":{"0":{"start":{"line":9,"column":20},"end":{"line":77,"column":1}},"1":{"start":{"line":10,"column":4},"end":{"line":10,"column":37}},"2":{"start":{"line":11,"column":34},"end":{"line":11,"column":60}},"3":{"start":{"line":12,"column":30},"end":{"line":12,"column":45}},"4":{"start":{"line":13,"column":38},"end":{"line":13,"column":53}},"5":{"start":{"line":14,"column":44},"end":{"line":14,"column":69}},"6":{"start":{"line":16,"column":26},"end":{"line":18,"column":7}},"7":{"start":{"line":17,"column":8},"end":{"line":17,"column":40}},"8":{"start":{"line":20,"column":28},"end":{"line":30,"column":7}},"9":{"start":{"line":21,"column":8},"end":{"line":29,"column":9}},"10":{"start":{"line":22,"column":10},"end":{"line":22,"column":22}},"11":{"start":{"line":24,"column":10},"end":{"line":28,"column":12}},"12":{"start":{"line":25,"column":12},"end":{"line":25,"column":37}},"13":{"start":{"line":27,"column":12},"end":{"line":27,"column":62}},"14":{"start":{"line":32,"column":4},"end":{"line":76,"column":6}},"15":{"start":{"line":35,"column":32},"end":{"line":35,"column":52}},"16":{"start":{"line":35,"column":74},"end":{"line":35,"column":88}},"17":{"start":{"line":35,"column":110},"end":{"line":35,"column":125}},"18":{"start":{"line":37,"column":16},"end":{"line":37,"column":39}},"19":{"start":{"line":38,"column":16},"end":{"line":38,"column":34}},"20":{"start":{"line":52,"column":20},"end":{"line":52,"column":43}},"21":{"start":{"line":53,"column":20},"end":{"line":53,"column":39}}},"fnMap":{"0":{"name":"(anonymous_0)","decl":{"start":{"line":9,"column":20},"end":{"line":9,"column":21}},"loc":{"start":{"line":9,"column":35},"end":{"line":77,"column":1}},"line":9},"1":{"name":"(anonymous_1)","decl":{"start":{"line":16,"column":26},"end":{"line":16,"column":27}},"loc":{"start":{"line":16,"column":37},"end":{"line":18,"column":7}},"line":16},"2":{"name":"(anonymous_2)","decl":{"start":{"line":20,"column":28},"end":{"line":20,"column":29}},"loc":{"start":{"line":20,"column":43},"end":{"line":30,"column":7}},"line":20},"3":{"name":"(anonymous_3)","decl":{"start":{"line":24,"column":55},"end":{"line":24,"column":56}},"loc":{"start":{"line":24,"column":64},"end":{"line":26,"column":11}},"line":24},"4":{"name":"(anonymous_4)","decl":{"start":{"line":26,"column":19},"end":{"line":26,"column":20}},"loc":{"start":{"line":26,"column":28},"end":{"line":28,"column":11}},"line":26},"5":{"name":"(anonymous_5)","decl":{"start":{"line":35,"column":26},"end":{"line":35,"column":27}},"loc":{"start":{"line":35,"column":32},"end":{"line":35,"column":52}},"line":35},"6":{"name":"(anonymous_6)","decl":{"start":{"line":35,"column":68},"end":{"line":35,"column":69}},"loc":{"start":{"line":35,"column":74},"end":{"line":35,"column":88}},"line":35},"7":{"name":"(anonymous_7)","decl":{"start":{"line":35,"column":104},"end":{"line":35,"column":105}},"loc":{"start":{"line":35,"column":110},"end":{"line":35,"column":125}},"line":35},"8":{"name":"(anonymous_8)","decl":{"start":{"line":36,"column":26},"end":{"line":36,"column":27}},"loc":{"start":{"line":36,"column":37},"end":{"line":38,"column":35}},"line":36},"9":{"name":"(anonymous_9)","decl":{"start":{"line":51,"column":66},"end":{"line":51,"column":67}},"loc":{"start":{"line":51,"column":77},"end":{"line":53,"column":41}},"line":51}},"branchMap":{"0":{"loc":{"start":{"line":21,"column":8},"end":{"line":29,"column":9}},"type":"if","locations":[{"start":{"line":21,"column":8},"end":{"line":29,"column":9}},{"start":{"line":23,"column":15},"end":{"line":29,"column":9}}],"line":21},"1":{"loc":{"start":{"line":44,"column":62},"end":{"line":44,"column":79}},"type":"binary-expr","locations":[{"start":{"line":44,"column":62},"end":{"line":44,"column":74}},{"start":{"line":44,"column":78},"end":{"line":44,"column":79}}],"line":44},"2":{"loc":{"start":{"line":48,"column":62},"end":{"line":48,"column":79}},"type":"binary-expr","locations":[{"start":{"line":48,"column":62},"end":{"line":48,"column":74}},{"start":{"line":48,"column":78},"end":{"line":48,"column":79}}],"line":48},"3":{"loc":{"start":{"line":59,"column":66},"end":{"line":59,"column":83}},"type":"binary-expr","locations":[{"start":{"line":59,"column":66},"end":{"line":59,"column":78}},{"start":{"line":59,"column":82},"end":{"line":59,"column":83}}],"line":59}},"s":{"0":1,"1":0,"2":0,"3":0,"4":0,"5":0,"6":0,"7":0,"8":0,"9":0,"10":0,"11":0,"12":0,"13":0,"14":0,"15":0,"16":0,"17":0,"18":0,"19":0,"20":0,"21":0},"f":{"0":0,"1":0,"2":0,"3":0,"4":0,"5":0,"6":0,"7":0,"8":0,"9":0},"b":{"0":[0,0],"1":[0,0],"2":[0,0],"3":[0,0]},"_coverageSchema":"1a1c01bbd47fc00a2c39e90264f33305004495a9","hash":"b5b52af3ba3515d9efd829cbab75d29d51a0621b"}
,"/Users/neilmosser/Desktop/FEC/project-catwalk/frontend/src/components/RelatedItems/RelatedContext.jsx": {"path":"/Users/neilmosser/Desktop/FEC/project-catwalk/frontend/src/components/RelatedItems/RelatedContext.jsx","statementMap":{"0":{"start":{"line":3,"column":23},"end":{"line":3,"column":44}}},"fnMap":{},"branchMap":{},"s":{"0":1},"f":{},"b":{},"_coverageSchema":"1a1c01bbd47fc00a2c39e90264f33305004495a9","hash":"c1c2141457dbfe66054051fcc41b289a12476d3a"}
,"/Users/neilmosser/Desktop/FEC/project-catwalk/frontend/src/components/RelatedItems/RelatedItemsCarousel.jsx": {"path":"/Users/neilmosser/Desktop/FEC/project-catwalk/frontend/src/components/RelatedItems/RelatedItemsCarousel.jsx","statementMap":{"0":{"start":{"line":9,"column":29},"end":{"line":87,"column":1}},"1":{"start":{"line":10,"column":38},"end":{"line":10,"column":49}},"2":{"start":{"line":11,"column":42},"end":{"line":11,"column":67}},"3":{"start":{"line":17,"column":19},"end":{"line":17,"column":45}},"4":{"start":{"line":18,"column":18},"end":{"line":18,"column":20}},"5":{"start":{"line":20,"column":15},"end":{"line":20,"column":16}},"6":{"start":{"line":21,"column":2},"end":{"line":25,"column":3}},"7":{"start":{"line":22,"column":4},"end":{"line":22,"column":15}},"8":{"start":{"line":24,"column":4},"end":{"line":24,"column":32}},"9":{"start":{"line":26,"column":24},"end":{"line":28,"column":3}},"10":{"start":{"line":27,"column":4},"end":{"line":27,"column":36}},"11":{"start":{"line":30,"column":24},"end":{"line":40,"column":3}},"12":{"start":{"line":31,"column":4},"end":{"line":39,"column":5}},"13":{"start":{"line":32,"column":6},"end":{"line":32,"column":17}},"14":{"start":{"line":34,"column":6},"end":{"line":38,"column":8}},"15":{"start":{"line":35,"column":8},"end":{"line":35,"column":33}},"16":{"start":{"line":37,"column":8},"end":{"line":37,"column":57}},"17":{"start":{"line":42,"column":20},"end":{"line":44,"column":3}},"18":{"start":{"line":43,"column":4},"end":{"line":43,"column":66}},"19":{"start":{"line":46,"column":20},"end":{"line":48,"column":3}},"20":{"start":{"line":47,"column":4},"end":{"line":47,"column":66}},"21":{"start":{"line":52,"column":2},"end":{"line":66,"column":3}},"22":{"start":{"line":53,"column":4},"end":{"line":55,"column":5}},"23":{"start":{"line":58,"column":4},"end":{"line":65,"column":5}},"24":{"start":{"line":58,"column":17},"end":{"line":58,"column":18}},"25":{"start":{"line":59,"column":21},"end":{"line":63,"column":7}},"26":{"start":{"line":64,"column":6},"end":{"line":64,"column":30}},"27":{"start":{"line":69,"column":14},"end":{"line":76,"column":4}},"28":{"start":{"line":70,"column":4},"end":{"line":75,"column":5}},"29":{"start":{"line":71,"column":38},"end":{"line":71,"column":58}},"30":{"start":{"line":78,"column":4},"end":{"line":86,"column":6}}},"fnMap":{"0":{"name":"(anonymous_0)","decl":{"start":{"line":9,"column":29},"end":{"line":9,"column":30}},"loc":{"start":{"line":9,"column":35},"end":{"line":87,"column":1}},"line":9},"1":{"name":"(anonymous_1)","decl":{"start":{"line":26,"column":24},"end":{"line":26,"column":25}},"loc":{"start":{"line":26,"column":35},"end":{"line":28,"column":3}},"line":26},"2":{"name":"(anonymous_2)","decl":{"start":{"line":30,"column":24},"end":{"line":30,"column":25}},"loc":{"start":{"line":30,"column":39},"end":{"line":40,"column":3}},"line":30},"3":{"name":"(anonymous_3)","decl":{"start":{"line":34,"column":51},"end":{"line":34,"column":52}},"loc":{"start":{"line":34,"column":60},"end":{"line":36,"column":7}},"line":34},"4":{"name":"(anonymous_4)","decl":{"start":{"line":36,"column":15},"end":{"line":36,"column":16}},"loc":{"start":{"line":36,"column":24},"end":{"line":38,"column":7}},"line":36},"5":{"name":"(anonymous_5)","decl":{"start":{"line":42,"column":20},"end":{"line":42,"column":21}},"loc":{"start":{"line":42,"column":26},"end":{"line":44,"column":3}},"line":42},"6":{"name":"(anonymous_6)","decl":{"start":{"line":46,"column":20},"end":{"line":46,"column":21}},"loc":{"start":{"line":46,"column":26},"end":{"line":48,"column":3}},"line":46},"7":{"name":"(anonymous_7)","decl":{"start":{"line":69,"column":28},"end":{"line":69,"column":29}},"loc":{"start":{"line":69,"column":46},"end":{"line":76,"column":3}},"line":69},"8":{"name":"(anonymous_8)","decl":{"start":{"line":71,"column":32},"end":{"line":71,"column":33}},"loc":{"start":{"line":71,"column":38},"end":{"line":71,"column":58}},"line":71}},"branchMap":{"0":{"loc":{"start":{"line":21,"column":2},"end":{"line":25,"column":3}},"type":"if","locations":[{"start":{"line":21,"column":2},"end":{"line":25,"column":3}},{"start":{"line":23,"column":9},"end":{"line":25,"column":3}}],"line":21},"1":{"loc":{"start":{"line":31,"column":4},"end":{"line":39,"column":5}},"type":"if","locations":[{"start":{"line":31,"column":4},"end":{"line":39,"column":5}},{"start":{"line":33,"column":11},"end":{"line":39,"column":5}}],"line":31},"2":{"loc":{"start":{"line":43,"column":18},"end":{"line":43,"column":64}},"type":"cond-expr","locations":[{"start":{"line":43,"column":46},"end":{"line":43,"column":47}},{"start":{"line":43,"column":50},"end":{"line":43,"column":64}}],"line":43},"3":{"loc":{"start":{"line":47,"column":18},"end":{"line":47,"column":64}},"type":"cond-expr","locations":[{"start":{"line":47,"column":37},"end":{"line":47,"column":47}},{"start":{"line":47,"column":50},"end":{"line":47,"column":64}}],"line":47},"4":{"loc":{"start":{"line":52,"column":2},"end":{"line":66,"column":3}},"type":"if","locations":[{"start":{"line":52,"column":2},"end":{"line":66,"column":3}},{"start":{"line":56,"column":9},"end":{"line":66,"column":3}}],"line":52},"5":{"loc":{"start":{"line":71,"column":71},"end":{"line":71,"column":131}},"type":"cond-expr","locations":[{"start":{"line":71,"column":94},"end":{"line":71,"column":114}},{"start":{"line":71,"column":117},"end":{"line":71,"column":131}}],"line":71}},"s":{"0":1,"1":0,"2":0,"3":0,"4":0,"5":0,"6":0,"7":0,"8":0,"9":0,"10":0,"11":0,"12":0,"13":0,"14":0,"15":0,"16":0,"17":0,"18":0,"19":0,"20":0,"21":0,"22":0,"23":0,"24":0,"25":0,"26":0,"27":0,"28":0,"29":0,"30":0},"f":{"0":0,"1":0,"2":0,"3":0,"4":0,"5":0,"6":0,"7":0,"8":0},"b":{"0":[0,0],"1":[0,0],"2":[0,0],"3":[0,0],"4":[0,0],"5":[0,0]},"_coverageSchema":"1a1c01bbd47fc00a2c39e90264f33305004495a9","hash":"ba013388ffa56a630932cad10787da52607f4907"}
}
