TN:
SF:frontend/src/Contexts/OverviewContext.jsx
FNF:0
FNH:0
DA:3,1
LF:1
LH:1
BRF:0
BRH:0
end_of_record
TN:
SF:frontend/src/Contexts/index.jsx
FNF:0
FNH:0
DA:3,1
LF:1
LH:1
BRF:0
BRH:0
end_of_record
TN:
SF:frontend/src/Contexts/reviewContext.jsx
FNF:0
FNH:0
DA:3,1
LF:1
LH:1
BRF:0
BRH:0
end_of_record
TN:
SF:frontend/src/components/App.jsx
FN:10,(anonymous_0)
FN:15,(anonymous_1)
FN:16,(anonymous_2)
FN:18,(anonymous_3)
FN:23,(anonymous_4)
FN:24,(anonymous_5)
FN:26,(anonymous_6)
FN:31,getRandomStart
FN:39,(anonymous_8)
FNF:9
FNH:0
FNDA:0,(anonymous_0)
FNDA:0,(anonymous_1)
FNDA:0,(anonymous_2)
FNDA:0,(anonymous_3)
FNDA:0,(anonymous_4)
FNDA:0,(anonymous_5)
FNDA:0,(anonymous_6)
FNDA:0,getRandomStart
FNDA:0,(anonymous_8)
DA:10,1
DA:12,0
DA:13,0
DA:15,0
DA:16,0
DA:17,0
DA:19,0
DA:23,0
DA:24,0
DA:25,0
DA:27,0
DA:32,0
DA:33,0
DA:34,0
DA:39,0
DA:41,0
DA:47,0
DA:48,0
DA:51,0
LF:19
LH:1
BRDA:47,0,0,0
BRDA:47,0,1,0
BRF:2
BRH:0
end_of_record
TN:
SF:frontend/src/components/Header/Header.jsx
FN:7,(anonymous_0)
FNF:1
FNH:0
FNDA:0,(anonymous_0)
DA:7,1
DA:8,0
LF:2
LH:1
BRF:0
BRH:0
end_of_record
TN:
SF:frontend/src/components/Header/SitewideAnnouncement.jsx
FN:3,(anonymous_0)
FNF:1
FNH:0
FNDA:0,(anonymous_0)
DA:3,1
DA:4,0
LF:2
LH:1
BRF:0
BRH:0
end_of_record
TN:
SF:frontend/src/components/Overview/OverviewParent.jsx
FN:13,(anonymous_0)
FN:24,(anonymous_1)
FN:26,(anonymous_2)
FN:29,(anonymous_3)
FN:34,(anonymous_4)
FN:39,(anonymous_5)
FN:41,(anonymous_6)
FN:44,(anonymous_7)
FN:49,(anonymous_8)
FN:53,(anonymous_9)
FN:70,(anonymous_10)
FN:75,(anonymous_11)
FNF:12
FNH:0
FNDA:0,(anonymous_0)
FNDA:0,(anonymous_1)
FNDA:0,(anonymous_2)
FNDA:0,(anonymous_3)
FNDA:0,(anonymous_4)
FNDA:0,(anonymous_5)
FNDA:0,(anonymous_6)
FNDA:0,(anonymous_7)
FNDA:0,(anonymous_8)
FNDA:0,(anonymous_9)
FNDA:0,(anonymous_10)
FNDA:0,(anonymous_11)
DA:13,1
DA:15,0
DA:16,0
DA:17,0
DA:18,0
DA:19,0
DA:20,0
DA:21,0
DA:22,0
DA:24,0
DA:25,0
DA:26,0
DA:27,0
DA:28,0
DA:29,0
DA:30,0
DA:32,0
DA:35,0
DA:39,0
DA:40,0
DA:41,0
DA:43,0
DA:45,0
DA:49,0
DA:50,0
DA:51,0
DA:55,0
DA:56,0
DA:57,0
DA:58,0
DA:59,0
DA:60,0
DA:61,0
DA:62,0
DA:64,0
DA:65,0
DA:67,0
DA:71,0
DA:75,0
DA:76,0
DA:77,0
DA:81,0
LF:42
LH:1
BRDA:25,0,0,0
BRDA:25,0,1,0
BRDA:40,1,0,0
BRDA:40,1,1,0
BRDA:50,2,0,0
BRDA:50,2,1,0
BRDA:55,3,0,0
BRDA:55,3,1,0
BRDA:56,4,0,0
BRDA:56,4,1,0
BRDA:57,5,0,0
BRDA:57,5,1,0
BRDA:58,6,0,0
BRDA:58,6,1,0
BRDA:59,7,0,0
BRDA:59,7,1,0
BRDA:64,8,0,0
BRDA:64,8,1,0
BRF:18
BRH:0
end_of_record
TN:
SF:frontend/src/components/Overview/ImageGallery/ImageCarousel.jsx
FN:7,(anonymous_0)
FN:12,(anonymous_1)
FN:14,(anonymous_2)
FN:16,(anonymous_3)
FNF:4
FNH:0
FNDA:0,(anonymous_0)
FNDA:0,(anonymous_1)
FNDA:0,(anonymous_2)
FNDA:0,(anonymous_3)
DA:7,1
DA:8,0
DA:9,0
DA:12,0
DA:13,0
DA:14,0
DA:15,0
DA:17,0
DA:23,0
DA:24,0
DA:27,0
LF:11
LH:1
BRDA:13,0,0,0
BRDA:13,0,1,0
BRDA:23,1,0,0
BRDA:23,1,1,0
BRF:4
BRH:0
end_of_record
TN:
SF:frontend/src/components/Overview/ImageGallery/ImageGallery.jsx
FN:26,(anonymous_0)
FN:34,(anonymous_1)
FNF:2
FNH:0
FNDA:0,(anonymous_0)
FNDA:0,(anonymous_1)
DA:13,1
DA:26,1
DA:28,0
DA:29,0
DA:30,0
DA:34,0
DA:36,0
DA:40,0
LF:8
LH:2
BRDA:42,0,0,0
BRDA:42,0,1,0
BRDA:43,1,0,0
BRDA:43,1,1,0
BRF:4
BRH:0
end_of_record
TN:
SF:frontend/src/components/Overview/ImageGallery/SideImages.jsx
FN:5,(anonymous_0)
FN:15,(anonymous_1)
FN:29,(anonymous_2)
FN:41,(anonymous_3)
FN:57,(anonymous_4)
FN:71,(anonymous_5)
FNF:6
FNH:0
FNDA:0,(anonymous_0)
FNDA:0,(anonymous_1)
FNDA:0,(anonymous_2)
FNDA:0,(anonymous_3)
FNDA:0,(anonymous_4)
FNDA:0,(anonymous_5)
DA:5,1
DA:7,0
DA:8,0
DA:9,0
DA:10,0
DA:11,0
DA:12,0
DA:13,0
DA:15,0
DA:16,0
DA:17,0
DA:18,0
DA:20,0
DA:21,0
DA:22,0
DA:23,0
DA:25,0
DA:29,0
DA:36,0
DA:37,0
DA:38,0
DA:41,0
DA:49,0
DA:50,0
DA:51,0
DA:57,0
DA:58,0
DA:59,0
DA:60,0
DA:66,0
DA:72,0
LF:31
LH:1
BRDA:16,0,0,0
BRDA:16,0,1,0
BRDA:36,1,0,0
BRDA:36,1,1,0
BRDA:49,2,0,0
BRDA:49,2,1,0
BRDA:58,3,0,0
BRDA:58,3,1,0
BRF:8
BRH:0
end_of_record
TN:
SF:frontend/src/components/Overview/ImageGallery/Slideshow.jsx
FN:11,(anonymous_0)
FN:22,(anonymous_1)
FN:29,(anonymous_2)
FN:43,(anonymous_3)
FNF:4
FNH:0
FNDA:0,(anonymous_0)
FNDA:0,(anonymous_1)
FNDA:0,(anonymous_2)
FNDA:0,(anonymous_3)
DA:11,1
DA:12,0
DA:13,0
DA:22,0
DA:24,0
DA:25,0
DA:29,0
DA:31,0
DA:32,0
DA:43,0
DA:44,0
DA:51,0
LF:12
LH:1
BRDA:25,0,0,0
BRDA:25,0,1,0
BRDA:32,1,0,0
BRDA:32,1,1,0
BRDA:52,2,0,0
BRDA:52,2,1,0
BRDA:57,3,0,0
BRDA:57,3,1,0
BRF:8
BRH:0
end_of_record
TN:
SF:frontend/src/components/Overview/ProductDescription/DescriptionCheckboxes.jsx
FN:4,(anonymous_0)
FN:11,(anonymous_1)
FNF:2
FNH:0
FNDA:0,(anonymous_0)
FNDA:0,(anonymous_1)
DA:4,1
DA:5,0
DA:6,0
DA:7,0
DA:9,0
DA:12,0
LF:6
LH:1
BRDA:6,0,0,0
BRDA:6,0,1,0
BRF:2
BRH:0
end_of_record
TN:
SF:frontend/src/components/Overview/ProductDescription/DescriptionText.jsx
FN:4,(anonymous_0)
FNF:1
FNH:0
FNDA:0,(anonymous_0)
DA:4,1
DA:5,0
DA:6,0
LF:3
LH:1
BRF:0
BRH:0
end_of_record
TN:
SF:frontend/src/components/Overview/ProductDescription/ProductDescriptionParent.jsx
FN:8,(anonymous_0)
FNF:1
FNH:0
FNDA:0,(anonymous_0)
DA:8,1
DA:10,0
DA:12,0
LF:3
LH:1
BRF:0
BRH:0
end_of_record
TN:
SF:frontend/src/components/Overview/ProductInformation/AddToCart.jsx
FN:4,(anonymous_0)
FN:8,(anonymous_1)
FN:12,(anonymous_2)
FNF:3
FNH:0
FNDA:0,(anonymous_0)
FNDA:0,(anonymous_1)
FNDA:0,(anonymous_2)
DA:4,1
DA:6,0
DA:8,0
DA:9,0
DA:12,0
DA:13,0
DA:16,0
LF:7
LH:1
BRDA:24,0,0,0
BRDA:24,0,1,0
BRF:2
BRH:0
end_of_record
TN:
SF:frontend/src/components/Overview/ProductInformation/OverviewDropdowns.jsx
FN:7,(anonymous_0)
FNF:1
FNH:0
FNDA:0,(anonymous_0)
DA:7,1
DA:8,0
DA:10,0
LF:3
LH:1
BRF:0
BRH:0
end_of_record
TN:
SF:frontend/src/components/Overview/ProductInformation/OverviewReview.jsx
FN:6,(anonymous_0)
FNF:1
FNH:0
FNDA:0,(anonymous_0)
DA:6,1
DA:7,0
DA:8,0
DA:9,0
DA:13,0
LF:5
LH:1
BRDA:15,0,0,0
BRDA:15,0,1,0
BRDA:16,1,0,0
BRDA:16,1,1,0
BRF:4
BRH:0
end_of_record
TN:
SF:frontend/src/components/Overview/ProductInformation/OverviewStyle.jsx
FN:7,(anonymous_0)
FN:17,(anonymous_1)
FN:19,(anonymous_2)
FN:22,(anonymous_3)
FN:27,(anonymous_4)
FN:43,(anonymous_5)
FN:56,(anonymous_6)
FNF:7
FNH:0
FNDA:0,(anonymous_0)
FNDA:0,(anonymous_1)
FNDA:0,(anonymous_2)
FNDA:0,(anonymous_3)
FNDA:0,(anonymous_4)
FNDA:0,(anonymous_5)
FNDA:0,(anonymous_6)
DA:7,1
DA:8,0
DA:9,0
DA:10,0
DA:11,0
DA:12,0
DA:13,0
DA:14,0
DA:17,0
DA:18,0
DA:19,0
DA:20,0
DA:21,0
DA:23,0
DA:27,0
DA:28,0
DA:29,0
DA:30,0
DA:32,0
DA:33,0
DA:34,0
DA:37,0
DA:43,0
DA:44,0
DA:46,0
DA:47,0
DA:52,0
DA:57,0
LF:28
LH:1
BRDA:18,0,0,0
BRDA:18,0,1,0
BRDA:28,1,0,0
BRDA:28,1,1,0
BRDA:46,2,0,0
BRDA:46,2,1,0
BRDA:54,3,0,0
BRDA:54,3,1,0
BRF:8
BRH:0
end_of_record
TN:
SF:frontend/src/components/Overview/ProductInformation/OverviewTitle.jsx
FN:5,(anonymous_0)
FN:10,(anonymous_1)
FNF:2
FNH:0
FNDA:0,(anonymous_0)
FNDA:0,(anonymous_1)
DA:5,1
DA:6,0
DA:7,0
DA:8,0
DA:10,0
DA:12,0
DA:17,0
LF:7
LH:1
BRDA:22,0,0,0
BRDA:22,0,1,0
BRF:2
BRH:0
end_of_record
TN:
SF:frontend/src/components/Overview/ProductInformation/ProductInformationParent.jsx
FN:9,(anonymous_0)
FNF:1
FNH:0
FNDA:0,(anonymous_0)
DA:9,1
DA:10,0
LF:2
LH:1
BRF:0
BRH:0
end_of_record
TN:
SF:frontend/src/components/Overview/ProductInformation/SelectSize.jsx
FN:5,(anonymous_0)
FN:15,(anonymous_1)
FN:25,(anonymous_2)
FN:35,(anonymous_3)
FN:44,(anonymous_4)
FN:54,(anonymous_5)
FN:66,(anonymous_6)
FNF:7
FNH:0
FNDA:0,(anonymous_0)
FNDA:0,(anonymous_1)
FNDA:0,(anonymous_2)
FNDA:0,(anonymous_3)
FNDA:0,(anonymous_4)
FNDA:0,(anonymous_5)
FNDA:0,(anonymous_6)
DA:5,1
DA:7,0
DA:8,0
DA:9,0
DA:10,0
DA:11,0
DA:12,0
DA:13,0
DA:15,0
DA:16,0
DA:17,0
DA:18,0
DA:19,0
DA:25,0
DA:26,0
DA:27,0
DA:28,0
DA:35,0
DA:36,0
DA:37,0
DA:38,0
DA:40,0
DA:44,0
DA:45,0
DA:50,0
DA:55,0
DA:67,0
LF:27
LH:1
BRDA:16,0,0,0
BRDA:16,0,1,0
BRDA:18,1,0,0
BRDA:18,1,1,0
BRDA:27,2,0,0
BRDA:27,2,1,0
BRDA:28,3,0,0
BRDA:28,3,1,0
BRDA:54,4,0,0
BRDA:54,4,1,0
BRDA:61,5,0,0
BRDA:61,5,1,0
BRDA:66,6,0,0
BRDA:66,6,1,0
BRF:14
BRH:0
end_of_record
TN:
SF:frontend/src/components/Overview/ProductInformation/StyleCard.jsx
FN:6,(anonymous_0)
FN:15,(anonymous_1)
FN:18,(anonymous_2)
FNF:3
FNH:0
FNDA:0,(anonymous_0)
FNDA:0,(anonymous_1)
FNDA:0,(anonymous_2)
DA:6,1
DA:7,0
DA:8,0
DA:9,0
DA:10,0
DA:15,0
DA:16,0
DA:17,0
DA:18,0
DA:19,0
DA:21,0
DA:23,0
DA:24,0
DA:33,0
LF:14
LH:1
BRF:0
BRH:0
end_of_record
TN:
SF:frontend/src/components/RatingsReviews/ReviewCharacteristics.jsx
FN:5,(anonymous_0)
FNF:1
FNH:0
FNDA:0,(anonymous_0)
DA:5,1
DA:8,0
DA:11,0
DA:21,0
DA:22,0
DA:23,0
DA:50,0
LF:7
LH:1
BRDA:22,0,0,0
BRDA:22,0,1,0
BRF:2
BRH:0
end_of_record
TN:
SF:frontend/src/components/RatingsReviews/ReviewList.jsx
FN:6,(anonymous_0)
FN:13,(anonymous_1)
FNF:2
FNH:0
FNDA:0,(anonymous_0)
FNDA:0,(anonymous_1)
DA:6,1
DA:8,0
DA:10,0
DA:14,0
LF:4
LH:1
BRF:0
BRH:0
end_of_record
TN:
SF:frontend/src/components/RatingsReviews/ReviewListButtons.jsx
FN:7,(anonymous_0)
FN:19,(anonymous_1)
FN:36,(anonymous_2)
FN:37,(anonymous_3)
FN:44,(anonymous_4)
FNF:5
FNH:0
FNDA:0,(anonymous_0)
FNDA:0,(anonymous_1)
FNDA:0,(anonymous_2)
FNDA:0,(anonymous_3)
FNDA:0,(anonymous_4)
DA:7,1
DA:10,0
DA:13,0
DA:16,0
DA:19,0
DA:20,0
DA:21,0
DA:27,0
DA:33,0
DA:34,0
DA:36,0
DA:37,0
DA:42,0
DA:44,0
LF:14
LH:1
BRDA:20,0,0,0
BRDA:20,0,1,0
BRDA:33,1,0,0
BRDA:33,1,1,0
BRF:4
BRH:0
end_of_record
TN:
SF:frontend/src/components/RatingsReviews/ReviewListContainer.jsx
FN:8,(anonymous_0)
FNF:1
FNH:0
FNDA:0,(anonymous_0)
DA:8,1
DA:10,0
DA:13,0
DA:14,0
DA:22,0
LF:5
LH:1
BRDA:13,0,0,0
BRDA:13,0,1,0
BRF:2
BRH:0
end_of_record
TN:
SF:frontend/src/components/RatingsReviews/ReviewMetadata.jsx
FN:8,(anonymous_0)
FN:31,(anonymous_1)
FN:56,(anonymous_2)
FN:64,(anonymous_3)
FN:72,(anonymous_4)
FN:80,(anonymous_5)
FN:88,(anonymous_6)
FNF:7
FNH:0
FNDA:0,(anonymous_0)
FNDA:0,(anonymous_1)
FNDA:0,(anonymous_2)
FNDA:0,(anonymous_3)
FNDA:0,(anonymous_4)
FNDA:0,(anonymous_5)
FNDA:0,(anonymous_6)
DA:8,1
DA:21,0
DA:24,0
DA:25,0
DA:26,0
DA:27,0
DA:28,0
DA:31,0
DA:32,0
DA:33,0
DA:41,0
DA:56,0
DA:64,0
DA:72,0
DA:80,0
DA:88,0
LF:16
LH:1
BRF:0
BRH:0
end_of_record
TN:
SF:frontend/src/components/RatingsReviews/ReviewParent.jsx
FN:9,(anonymous_0)
FN:35,(anonymous_1)
FN:39,(anonymous_2)
FN:76,(anonymous_3)
FN:79,(anonymous_4)
FN:86,(anonymous_5)
FN:90,(anonymous_6)
FN:93,(anonymous_7)
FN:100,(anonymous_8)
FN:106,(anonymous_9)
FN:112,(anonymous_10)
FN:119,(anonymous_11)
FNF:12
FNH:0
FNDA:0,(anonymous_0)
FNDA:0,(anonymous_1)
FNDA:0,(anonymous_2)
FNDA:0,(anonymous_3)
FNDA:0,(anonymous_4)
FNDA:0,(anonymous_5)
FNDA:0,(anonymous_6)
FNDA:0,(anonymous_7)
FNDA:0,(anonymous_8)
FNDA:0,(anonymous_9)
FNDA:0,(anonymous_10)
FNDA:0,(anonymous_11)
DA:9,1
DA:14,0
DA:17,0
DA:18,0
DA:20,0
DA:21,0
DA:22,0
DA:23,0
DA:24,0
DA:25,0
DA:26,0
DA:27,0
DA:29,0
DA:30,0
DA:31,0
DA:32,0
DA:35,0
DA:36,0
DA:37,0
DA:42,0
DA:43,0
DA:44,0
DA:45,0
DA:46,0
DA:47,0
DA:48,0
DA:50,0
DA:51,0
DA:52,0
DA:53,0
DA:54,0
DA:55,0
DA:57,0
DA:60,0
DA:61,0
DA:62,0
DA:63,0
DA:64,0
DA:65,0
DA:66,0
DA:67,0
DA:69,0
DA:70,0
DA:72,0
DA:77,0
DA:80,0
DA:86,0
DA:87,0
DA:88,0
DA:91,0
DA:94,0
DA:100,0
DA:101,0
DA:102,0
DA:106,0
DA:107,0
DA:108,0
DA:112,0
DA:113,0
DA:114,0
DA:119,0
DA:120,0
DA:125,0
DA:126,0
DA:130,0
LF:65
LH:1
BRDA:36,0,0,0
BRDA:36,0,1,0
BRDA:44,1,0,0
BRDA:44,1,1,0
BRDA:45,2,0,0
BRDA:45,2,1,0
BRDA:46,3,0,0
BRDA:46,3,1,0
BRDA:47,4,0,0
BRDA:47,4,1,0
BRDA:48,5,0,0
BRDA:48,5,1,0
BRDA:50,6,0,0
BRDA:50,6,1,0
BRDA:51,7,0,0
BRDA:51,7,1,0
BRDA:52,8,0,0
BRDA:52,8,1,0
BRDA:52,9,0,0
BRDA:52,9,1,0
BRDA:54,10,0,0
BRDA:54,10,1,0
BRDA:60,11,0,0
BRDA:60,11,1,0
BRDA:61,12,0,0
BRDA:61,12,1,0
BRDA:62,13,0,0
BRDA:62,13,1,0
BRDA:63,14,0,0
BRDA:63,14,1,0
BRDA:64,15,0,0
BRDA:64,15,1,0
BRDA:69,16,0,0
BRDA:69,16,1,0
BRDA:87,17,0,0
BRDA:87,17,1,0
BRDA:113,18,0,0
BRDA:113,18,1,0
BRDA:125,19,0,0
BRDA:125,19,1,0
BRF:40
BRH:0
end_of_record
TN:
SF:frontend/src/components/RatingsReviews/ReviewPostForm.jsx
FN:6,(anonymous_0)
FN:46,(anonymous_1)
FN:71,(anonymous_2)
FN:78,(anonymous_3)
FN:83,(anonymous_4)
FN:92,(anonymous_5)
FN:112,(anonymous_6)
FN:117,(anonymous_7)
FN:122,(anonymous_8)
FN:129,(anonymous_9)
FN:134,(anonymous_10)
FN:139,(anonymous_11)
FN:180,(anonymous_12)
FN:184,(anonymous_13)
FN:194,(anonymous_14)
FN:330,(anonymous_15)
FNF:16
FNH:0
FNDA:0,(anonymous_0)
FNDA:0,(anonymous_1)
FNDA:0,(anonymous_2)
FNDA:0,(anonymous_3)
FNDA:0,(anonymous_4)
FNDA:0,(anonymous_5)
FNDA:0,(anonymous_6)
FNDA:0,(anonymous_7)
FNDA:0,(anonymous_8)
FNDA:0,(anonymous_9)
FNDA:0,(anonymous_10)
FNDA:0,(anonymous_11)
FNDA:0,(anonymous_12)
FNDA:0,(anonymous_13)
FNDA:0,(anonymous_14)
FNDA:0,(anonymous_15)
DA:6,1
DA:9,0
DA:10,0
DA:13,0
DA:14,0
DA:15,0
DA:16,0
DA:17,0
DA:18,0
DA:19,0
DA:20,0
DA:21,0
DA:22,0
DA:23,0
DA:24,0
DA:25,0
DA:26,0
DA:30,0
DA:32,0
DA:41,0
DA:42,0
DA:46,0
DA:60,0
DA:61,0
DA:63,0
DA:68,0
DA:69,0
DA:71,0
DA:72,0
DA:78,0
DA:79,0
DA:83,0
DA:84,0
DA:85,0
DA:87,0
DA:92,0
DA:94,0
DA:95,0
DA:96,0
DA:97,0
DA:98,0
DA:99,0
DA:100,0
DA:101,0
DA:102,0
DA:103,0
DA:104,0
DA:105,0
DA:107,0
DA:112,0
DA:113,0
DA:117,0
DA:118,0
DA:122,0
DA:123,0
DA:124,0
DA:125,0
DA:129,0
DA:130,0
DA:134,0
DA:135,0
DA:139,0
DA:142,0
DA:143,0
DA:144,0
DA:145,0
DA:146,0
DA:147,0
DA:148,0
DA:149,0
DA:152,0
DA:153,0
DA:154,0
DA:155,0
DA:158,0
DA:161,0
DA:162,0
DA:164,0
DA:165,0
DA:166,0
DA:169,0
DA:173,0
DA:175,0
DA:178,0
DA:181,0
DA:182,0
DA:185,0
DA:189,0
DA:194,0
DA:197,0
DA:200,0
DA:201,0
DA:203,0
DA:204,0
DA:206,0
DA:207,0
DA:209,0
DA:210,0
DA:212,0
DA:213,0
DA:215,0
DA:216,0
DA:218,0
DA:219,0
DA:221,0
DA:222,0
DA:224,0
DA:225,0
DA:227,0
DA:228,0
DA:230,0
DA:231,0
DA:233,0
DA:234,0
DA:238,0
DA:239,0
DA:241,0
DA:247,0
DA:330,0
LF:119
LH:1
BRDA:60,0,0,0
BRDA:60,0,1,0
BRDA:68,1,0,0
BRDA:68,1,1,0
BRDA:84,2,0,0
BRDA:84,2,1,0
BRDA:94,3,0,0
BRDA:94,3,1,0
BRDA:96,4,0,0
BRDA:96,4,1,0
BRDA:98,5,0,0
BRDA:98,5,1,0
BRDA:100,6,0,0
BRDA:100,6,1,0
BRDA:102,7,0,0
BRDA:102,7,1,0
BRDA:104,8,0,0
BRDA:104,8,1,0
BRDA:154,9,0,0
BRDA:154,9,1,0
BRDA:165,10,0,0
BRDA:165,10,1,0
BRDA:175,11,0,0
BRDA:175,11,1,0
BRDA:200,12,0,0
BRDA:200,12,1,0
BRDA:203,13,0,0
BRDA:203,13,1,0
BRDA:206,14,0,0
BRDA:206,14,1,0
BRDA:206,15,0,0
BRDA:206,15,1,0
BRDA:209,16,0,0
BRDA:209,16,1,0
BRDA:209,17,0,0
BRDA:209,17,1,0
BRDA:212,18,0,0
BRDA:212,18,1,0
BRDA:212,19,0,0
BRDA:212,19,1,0
BRDA:215,20,0,0
BRDA:215,20,1,0
BRDA:215,21,0,0
BRDA:215,21,1,0
BRDA:218,22,0,0
BRDA:218,22,1,0
BRDA:218,23,0,0
BRDA:218,23,1,0
BRDA:221,24,0,0
BRDA:221,24,1,0
BRDA:221,25,0,0
BRDA:221,25,1,0
BRDA:224,26,0,0
BRDA:224,26,1,0
BRDA:227,27,0,0
BRDA:227,27,1,0
BRDA:230,28,0,0
BRDA:230,28,1,0
BRDA:233,29,0,0
BRDA:233,29,1,0
BRDA:233,30,0,0
BRDA:233,30,1,0
BRDA:238,31,0,0
BRDA:238,31,1,0
BRF:64
BRH:0
end_of_record
TN:
SF:frontend/src/components/RatingsReviews/ReviewSort.jsx
FN:5,(anonymous_0)
FN:11,(anonymous_1)
FN:21,(anonymous_2)
FNF:3
FNH:0
FNDA:0,(anonymous_0)
FNDA:0,(anonymous_1)
FNDA:0,(anonymous_2)
DA:5,1
DA:7,0
DA:11,0
DA:12,0
DA:17,0
DA:21,0
LF:6
LH:1
BRF:0
BRH:0
end_of_record
TN:
SF:frontend/src/components/RatingsReviews/ReviewTile.jsx
FN:8,(anonymous_0)
FN:38,(anonymous_1)
FN:44,(anonymous_2)
FN:56,(anonymous_3)
FN:57,(anonymous_4)
FN:86,(anonymous_5)
FN:89,(anonymous_6)
FN:103,(anonymous_7)
FN:109,(anonymous_8)
FN:112,(anonymous_9)
FN:115,(anonymous_10)
FN:122,(anonymous_11)
FN:129,(anonymous_12)
FN:132,(anonymous_13)
FN:178,(anonymous_14)
FNF:15
FNH:0
FNDA:0,(anonymous_0)
FNDA:0,(anonymous_1)
FNDA:0,(anonymous_2)
FNDA:0,(anonymous_3)
FNDA:0,(anonymous_4)
FNDA:0,(anonymous_5)
FNDA:0,(anonymous_6)
FNDA:0,(anonymous_7)
FNDA:0,(anonymous_8)
FNDA:0,(anonymous_9)
FNDA:0,(anonymous_10)
FNDA:0,(anonymous_11)
FNDA:0,(anonymous_12)
FNDA:0,(anonymous_13)
FNDA:0,(anonymous_14)
DA:8,1
DA:11,0
DA:14,0
DA:15,0
DA:16,0
DA:17,0
DA:18,0
DA:22,0
DA:23,0
DA:28,0
DA:33,0
DA:34,0
DA:35,0
DA:38,0
DA:41,0
DA:44,0
DA:48,0
DA:53,0
DA:54,0
DA:57,0
DA:61,0
DA:66,0
DA:67,0
DA:69,0
DA:74,0
DA:75,0
DA:77,0
DA:82,0
DA:83,0
DA:86,0
DA:89,0
DA:92,0
DA:103,0
DA:104,0
DA:105,0
DA:109,0
DA:110,0
DA:113,0
DA:116,0
DA:122,0
DA:123,0
DA:124,0
DA:127,0
DA:130,0
DA:133,0
DA:139,0
DA:140,0
DA:143,0
DA:178,0
LF:49
LH:1
BRDA:22,0,0,0
BRDA:22,0,1,0
BRDA:33,1,0,0
BRDA:33,1,1,0
BRDA:34,2,0,0
BRDA:34,2,1,0
BRDA:53,3,0,0
BRDA:53,3,1,0
BRDA:66,4,0,0
BRDA:66,4,1,0
BRDA:74,5,0,0
BRDA:74,5,1,0
BRDA:82,6,0,0
BRDA:82,6,1,0
BRDA:139,7,0,0
BRDA:139,7,1,0
BRF:16
BRH:0
end_of_record
TN:
SF:frontend/src/components/RelatedItems/OutfitCard.jsx
FN:11,(anonymous_0)
FN:18,(anonymous_1)
FN:22,(anonymous_2)
FN:23,(anonymous_3)
FN:33,(anonymous_4)
FN:39,(anonymous_5)
FN:47,(anonymous_6)
FN:50,(anonymous_7)
FNF:8
FNH:0
FNDA:0,(anonymous_0)
FNDA:0,(anonymous_1)
FNDA:0,(anonymous_2)
FNDA:0,(anonymous_3)
FNDA:0,(anonymous_4)
FNDA:0,(anonymous_5)
FNDA:0,(anonymous_6)
FNDA:0,(anonymous_7)
DA:5,1
DA:11,1
DA:12,0
DA:13,0
DA:14,0
DA:18,0
DA:19,0
DA:20,0
DA:22,0
DA:23,0
DA:24,0
DA:25,0
DA:26,0
DA:27,0
DA:29,0
DA:30,0
DA:34,0
DA:39,0
DA:40,0
DA:43,0
DA:47,0
DA:50,0
LF:22
LH:2
BRDA:19,0,0,0
BRDA:19,0,1,0
BRDA:26,1,0,0
BRDA:26,1,1,0
BRDA:29,2,0,0
BRDA:29,2,1,0
BRDA:46,3,0,0
BRDA:46,3,1,0
BRF:8
BRH:0
end_of_record
TN:
SF:frontend/src/components/RelatedItems/OutfitCarousel.jsx
FN:8,(anonymous_0)
FN:19,(anonymous_1)
FN:25,(anonymous_2)
FN:31,(anonymous_3)
FNF:4
FNH:0
FNDA:0,(anonymous_0)
FNDA:0,(anonymous_1)
FNDA:0,(anonymous_2)
FNDA:0,(anonymous_3)
DA:8,1
DA:9,0
DA:10,0
DA:11,0
DA:12,0
DA:13,0
DA:14,0
DA:16,0
DA:19,0
DA:20,0
DA:21,0
DA:25,0
DA:26,0
DA:27,0
DA:31,0
DA:32,0
DA:39,0
LF:17
LH:1
BRDA:13,0,0,0
BRDA:13,0,1,0
BRDA:20,1,0,0
BRDA:20,1,1,0
BRDA:21,2,0,0
BRDA:21,2,1,0
BRDA:26,3,0,0
BRDA:26,3,1,0
BRDA:27,4,0,0
BRDA:27,4,1,0
BRDA:33,5,0,0
BRDA:33,5,1,0
BRF:12
BRH:0
end_of_record
TN:
SF:frontend/src/components/RelatedItems/Related.jsx
FN:8,(anonymous_0)
FN:23,(anonymous_1)
FN:28,(anonymous_2)
FN:29,(anonymous_3)
FN:30,(anonymous_4)
FN:32,(anonymous_5)
FN:33,(anonymous_6)
FN:37,(anonymous_7)
FN:38,(anonymous_8)
FN:42,(anonymous_9)
FN:46,(anonymous_10)
FN:48,(anonymous_11)
FNF:12
FNH:0
FNDA:0,(anonymous_0)
FNDA:0,(anonymous_1)
FNDA:0,(anonymous_2)
FNDA:0,(anonymous_3)
FNDA:0,(anonymous_4)
FNDA:0,(anonymous_5)
FNDA:0,(anonymous_6)
FNDA:0,(anonymous_7)
FNDA:0,(anonymous_8)
FNDA:0,(anonymous_9)
FNDA:0,(anonymous_10)
FNDA:0,(anonymous_11)
DA:8,1
DA:9,0
DA:10,0
DA:11,0
DA:12,0
DA:13,0
DA:14,0
DA:18,0
DA:19,0
DA:20,0
DA:21,0
DA:23,0
DA:24,0
DA:25,0
DA:26,0
DA:27,0
DA:28,0
DA:29,0
DA:30,0
DA:31,0
DA:32,0
DA:33,0
DA:34,0
DA:38,0
DA:39,0
DA:40,0
DA:42,0
DA:43,0
DA:44,0
DA:46,0
DA:47,0
DA:48,0
DA:49,0
DA:50,0
DA:51,0
DA:52,0
DA:53,0
DA:54,0
DA:55,0
DA:56,0
DA:57,0
DA:59,0
DA:61,0
DA:68,0
DA:69,0
DA:72,0
DA:73,0
DA:76,0
DA:77,0
DA:80,0
DA:81,0
DA:84,0
LF:52
LH:1
BRDA:31,0,0,0
BRDA:31,0,1,0
BRDA:49,1,0,0
BRDA:49,1,1,0
BRDA:50,2,0,0
BRDA:50,2,1,0
BRDA:51,3,0,0
BRDA:51,3,1,0
BRDA:52,4,0,0
BRDA:52,4,1,0
BRDA:53,5,0,0
BRDA:53,5,1,0
BRDA:56,6,0,0
BRDA:56,6,1,0
BRDA:68,7,0,0
BRDA:68,7,1,0
BRDA:72,8,0,0
BRDA:72,8,1,0
BRDA:76,9,0,0
BRDA:76,9,1,0
BRDA:80,10,0,0
BRDA:80,10,1,0
BRF:22
BRH:0
end_of_record
TN:
SF:frontend/src/components/RelatedItems/RelatedCard.jsx
FN:9,(anonymous_0)
FN:16,(anonymous_1)
FN:20,(anonymous_2)
FN:24,(anonymous_3)
FN:26,(anonymous_4)
FN:35,(anonymous_5)
FN:35,(anonymous_6)
FN:35,(anonymous_7)
FN:36,(anonymous_8)
FN:51,(anonymous_9)
FNF:10
FNH:0
FNDA:0,(anonymous_0)
FNDA:0,(anonymous_1)
FNDA:0,(anonymous_2)
FNDA:0,(anonymous_3)
FNDA:0,(anonymous_4)
FNDA:0,(anonymous_5)
FNDA:0,(anonymous_6)
FNDA:0,(anonymous_7)
FNDA:0,(anonymous_8)
FNDA:0,(anonymous_9)
DA:9,1
DA:10,0
DA:11,0
DA:12,0
DA:13,0
DA:14,0
DA:16,0
DA:17,0
DA:20,0
DA:21,0
DA:22,0
DA:24,0
DA:25,0
DA:27,0
DA:32,0
DA:35,0
DA:37,0
DA:38,0
DA:52,0
DA:53,0
LF:20
LH:1
BRDA:21,0,0,0
BRDA:21,0,1,0
BRDA:44,1,0,0
BRDA:44,1,1,0
BRDA:48,2,0,0
BRDA:48,2,1,0
BRDA:59,3,0,0
BRDA:59,3,1,0
BRF:8
BRH:0
end_of_record
TN:
SF:frontend/src/components/RelatedItems/RelatedContext.jsx
FNF:0
FNH:0
DA:3,1
LF:1
LH:1
BRF:0
BRH:0
end_of_record
TN:
SF:frontend/src/components/RelatedItems/RelatedItemsCarousel.jsx
FN:9,(anonymous_0)
FN:26,(anonymous_1)
FN:30,(anonymous_2)
FN:34,(anonymous_3)
FN:36,(anonymous_4)
FN:42,(anonymous_5)
FN:46,(anonymous_6)
FN:69,(anonymous_7)
FN:71,(anonymous_8)
FNF:9
FNH:0
FNDA:0,(anonymous_0)
FNDA:0,(anonymous_1)
FNDA:0,(anonymous_2)
FNDA:0,(anonymous_3)
FNDA:0,(anonymous_4)
FNDA:0,(anonymous_5)
FNDA:0,(anonymous_6)
FNDA:0,(anonymous_7)
FNDA:0,(anonymous_8)
DA:9,1
DA:10,0
DA:11,0
DA:17,0
DA:18,0
DA:20,0
DA:21,0
DA:22,0
DA:24,0
DA:26,0
DA:27,0
DA:30,0
DA:31,0
DA:32,0
DA:34,0
DA:35,0
DA:37,0
DA:42,0
DA:43,0
DA:46,0
DA:47,0
DA:52,0
DA:53,0
DA:58,0
DA:59,0
DA:64,0
DA:69,0
DA:70,0
DA:71,0
DA:78,0
LF:30
LH:1
BRDA:21,0,0,0
BRDA:21,0,1,0
BRDA:31,1,0,0
BRDA:31,1,1,0
BRDA:43,2,0,0
BRDA:43,2,1,0
BRDA:47,3,0,0
BRDA:47,3,1,0
BRDA:52,4,0,0
BRDA:52,4,1,0
BRDA:71,5,0,0
BRDA:71,5,1,0
BRF:12
BRH:0
end_of_record
